<?xml version="1.0" encoding="UTF-8"?>
<!-- Generated by org.testng.reporters.JUnitXMLReporter -->
<testsuite hostname="apzz0928-PC" tests="31" failures="0" timestamp="27 Sep 2017 05:33:17 GMT" time="210.084" errors="0">
  <testcase name="Login" time="3.228" classname="authMng_Selenide"/>
  <testcase name="authorityMenu_groupOrder" time="5.514" classname="authMng_Selenide"/>
  <testcase name="authorityMenu_keywordSearch" time="0.386" classname="authMng_Selenide"/>
  <testcase name="authorityMenu_detailMenu_add" time="2.428" classname="authMng_Selenide"/>
  <testcase name="authorityMenu_detailMenu_menuOrder" time="2.298" classname="authMng_Selenide"/>
  <testcase name="authorityMenu_detailMenu_edit" time="2.508" classname="authMng_Selenide"/>
  <testcase name="authorityMenu_detailMenu_del" time="0.918" classname="authMng_Selenide"/>
  <testcase name="authorityGroupMng_Menu" time="4.782" classname="authMng_Selenide"/>
  <testcase name="authorityGroupMng_Member" time="1.5" classname="authMng_Selenide"/>
  <testcase name="groupListByAdmin" time="1.905" classname="authMng_Selenide"/>
  <testcase name="ctActionLog" time="24.869" classname="authMng_Selenide"/>
  <testcase name="ctMember_addMember_add" time="3.13" classname="authMng_Selenide"/>
  <testcase name="ctMember_addMember_edit" time="2.367" classname="authMng_Selenide"/>
  <testcase name="ctMember_addMember_resetPW_del" time="2.005" classname="authMng_Selenide"/>
  <testcase name="Login" time="3.025" classname="gameAccountMng_Selenide"/>
  <testcase name="accountSearch" time="7.072" classname="gameAccountMng_Selenide"/>
  <testcase name="accountBlock" time="26.472" classname="gameAccountMng_Selenide"/>
  <testcase name="Login" time="3.75" classname="gameMng_Selenide"/>
  <testcase name="systemMessage" time="10.027" classname="gameMng_Selenide"/>
  <testcase name="ingameNotice_add" time="6.078" classname="gameMng_Selenide"/>
  <testcase name="ingameNotice_statusChange" time="6.589" classname="gameMng_Selenide"/>
  <testcase name="semdMail" time="8.585" classname="gameMng_Selenide"/>
  <testcase name="kickUser" time="2.253" classname="gameMng_Selenide"/>
  <testcase name="mailout" time="1.988" classname="gameMng_Selenide"/>
  <testcase name="burningEvent" time="5.74" classname="gameMng_Selenide"/>
  <testcase name="serverStatus" time="7.973" classname="gameMng_Selenide"/>
  <testcase name="limitDrop" time="4.542" classname="gameMng_Selenide"/>
  <testcase name="ingameGuide" time="8.631" classname="gameMng_Selenide"/>
  <testcase name="onlineUser" time="1.963" classname="gameMng_Selenide"/>
  <testcase name="slangWord" time="17.957" classname="gameMng_Selenide"/>
  <testcase name="pvpSchedule" time="8.341" classname="gameMng_Selenide"/>
</testsuite>
