<?xml version="1.0" encoding="UTF-8"?>
<!-- Generated by org.testng.reporters.JUnitXMLReporter -->
<testsuite hostname="apzz0928-PC" tests="31" failures="0" timestamp="27 Sep 2017 09:59:40 GMT" time="216.745" errors="0">
  <testcase name="Login" time="3.344" classname="authMng_Selenide"/>
  <testcase name="authorityMenu_groupOrder" time="5.206" classname="authMng_Selenide"/>
  <testcase name="authorityMenu_keywordSearch" time="0.393" classname="authMng_Selenide"/>
  <testcase name="authorityMenu_detailMenu_add" time="2.504" classname="authMng_Selenide"/>
  <testcase name="authorityMenu_detailMenu_menuOrder" time="2.124" classname="authMng_Selenide"/>
  <testcase name="authorityMenu_detailMenu_edit" time="2.276" classname="authMng_Selenide"/>
  <testcase name="authorityMenu_detailMenu_del" time="0.988" classname="authMng_Selenide"/>
  <testcase name="authorityGroupMng_Menu" time="4.951" classname="authMng_Selenide"/>
  <testcase name="authorityGroupMng_Member" time="1.82" classname="authMng_Selenide"/>
  <testcase name="groupListByAdmin" time="1.857" classname="authMng_Selenide"/>
  <testcase name="ctActionLog" time="29.206" classname="authMng_Selenide"/>
  <testcase name="ctMember_addMember_add" time="3.129" classname="authMng_Selenide"/>
  <testcase name="ctMember_addMember_edit" time="2.363" classname="authMng_Selenide"/>
  <testcase name="ctMember_addMember_resetPW_del" time="2.104" classname="authMng_Selenide"/>
  <testcase name="Login" time="3.528" classname="gameAccountMng_Selenide"/>
  <testcase name="accountSearch" time="7.668" classname="gameAccountMng_Selenide"/>
  <testcase name="accountBlock" time="26.716" classname="gameAccountMng_Selenide"/>
  <testcase name="Login" time="3.448" classname="gameMng_Selenide"/>
  <testcase name="systemMessage" time="9.768" classname="gameMng_Selenide"/>
  <testcase name="ingameNotice_add" time="4.649" classname="gameMng_Selenide"/>
  <testcase name="ingameNotice_statusChange" time="6.948" classname="gameMng_Selenide"/>
  <testcase name="semdMail" time="7.124" classname="gameMng_Selenide"/>
  <testcase name="kickUser" time="2.251" classname="gameMng_Selenide"/>
  <testcase name="mailout" time="2.093" classname="gameMng_Selenide"/>
  <testcase name="burningEvent" time="6.486" classname="gameMng_Selenide"/>
  <testcase name="serverStatus" time="7.426" classname="gameMng_Selenide"/>
  <testcase name="limitDrop" time="7.316" classname="gameMng_Selenide"/>
  <testcase name="ingameGuide" time="7.57" classname="gameMng_Selenide"/>
  <testcase name="onlineUser" time="1.847" classname="gameMng_Selenide"/>
  <testcase name="slangWord" time="16.824" classname="gameMng_Selenide"/>
  <testcase name="pvpSchedule" time="11.183" classname="gameMng_Selenide"/>
</testsuite>
