<?xml version="1.0" encoding="UTF-8"?>
<!-- Generated by org.testng.reporters.JUnitXMLReporter -->
<testsuite hostname="apzz0928-PC" tests="31" failures="0" timestamp="17 Oct 2017 05:29:48 GMT" time="229.348" errors="0">
  <testcase name="Login" time="3.338" classname="authMng_Selenide"/>
  <testcase name="authorityMenu_groupOrder" time="5.457" classname="authMng_Selenide"/>
  <testcase name="authorityMenu_keywordSearch" time="0.378" classname="authMng_Selenide"/>
  <testcase name="authorityMenu_detailMenu_add" time="2.44" classname="authMng_Selenide"/>
  <testcase name="authorityMenu_detailMenu_menuOrder" time="2.587" classname="authMng_Selenide"/>
  <testcase name="authorityMenu_detailMenu_edit" time="2.257" classname="authMng_Selenide"/>
  <testcase name="authorityMenu_detailMenu_del" time="0.984" classname="authMng_Selenide"/>
  <testcase name="authorityGroupMng_Menu" time="4.472" classname="authMng_Selenide"/>
  <testcase name="authorityGroupMng_Member" time="1.474" classname="authMng_Selenide"/>
  <testcase name="groupListByAdmin" time="1.855" classname="authMng_Selenide"/>
  <testcase name="ctActionLog" time="35.384" classname="authMng_Selenide"/>
  <testcase name="ctMember_addMember_add" time="3.382" classname="authMng_Selenide"/>
  <testcase name="ctMember_addMember_edit" time="2.342" classname="authMng_Selenide"/>
  <testcase name="ctMember_addMember_resetPW_del" time="2.354" classname="authMng_Selenide"/>
  <testcase name="Login" time="3.294" classname="gameAccountMng_Selenide"/>
  <testcase name="accountSearch" time="6.42" classname="gameAccountMng_Selenide"/>
  <testcase name="accountBlock" time="25.561" classname="gameAccountMng_Selenide"/>
  <testcase name="Login" time="3.259" classname="gameMng_Selenide"/>
  <testcase name="systemMessage" time="10.088" classname="gameMng_Selenide"/>
  <testcase name="ingameNotice_add" time="7.157" classname="gameMng_Selenide"/>
  <testcase name="ingameNotice_statusChange" time="6.586" classname="gameMng_Selenide"/>
  <testcase name="semdMail" time="7.672" classname="gameMng_Selenide"/>
  <testcase name="kickUser" time="2.33" classname="gameMng_Selenide"/>
  <testcase name="mailout" time="2.116" classname="gameMng_Selenide"/>
  <testcase name="burningEvent" time="6.503" classname="gameMng_Selenide"/>
  <testcase name="serverStatus" time="8.494" classname="gameMng_Selenide"/>
  <testcase name="limitDrop" time="7.931" classname="gameMng_Selenide"/>
  <testcase name="ingameGuide" time="8.289" classname="gameMng_Selenide"/>
  <testcase name="onlineUser" time="1.872" classname="gameMng_Selenide"/>
  <testcase name="slangWord" time="16.493" classname="gameMng_Selenide"/>
  <testcase name="pvpSchedule" time="13.671" classname="gameMng_Selenide"/>
</testsuite>
