<?xml version="1.0" encoding="UTF-8"?>
<!-- Generated by org.testng.reporters.JUnitXMLReporter -->
<testsuite hostname="apzz0928-PC" tests="21" failures="0" timestamp="25 Sep 2017 07:08:26 GMT" time="160.703" errors="0">
  <testcase name="Login" time="2.975" classname="authMng_Selenide"/>
  <testcase name="ctMember_addMember_add" time="4.742" classname="authMng_Selenide"/>
  <testcase name="ctMember_addMember_edit" time="2.538" classname="authMng_Selenide"/>
  <testcase name="ctMember_addMember_resetPW_del" time="2.254" classname="authMng_Selenide"/>
  <testcase name="Login" time="3.363" classname="gameAccountMng_Selenide"/>
  <testcase name="accountSearch" time="6.466" classname="gameAccountMng_Selenide"/>
  <testcase name="accountBlock" time="26.619" classname="gameAccountMng_Selenide"/>
  <testcase name="Login" time="2.393" classname="gameMng_Selenide"/>
  <testcase name="systemMessage" time="9.811" classname="gameMng_Selenide"/>
  <testcase name="ingameNotice_add" time="5.695" classname="gameMng_Selenide"/>
  <testcase name="ingameNotice_statusChange" time="7.148" classname="gameMng_Selenide"/>
  <testcase name="semdMail" time="8.012" classname="gameMng_Selenide"/>
  <testcase name="kickUser" time="2.081" classname="gameMng_Selenide"/>
  <testcase name="mailout" time="2.291" classname="gameMng_Selenide"/>
  <testcase name="burningEvent" time="6.221" classname="gameMng_Selenide"/>
  <testcase name="serverStatus" time="8.067" classname="gameMng_Selenide"/>
  <testcase name="limitDrop" time="4.582" classname="gameMng_Selenide"/>
  <testcase name="ingameGuide" time="8.34" classname="gameMng_Selenide"/>
  <testcase name="onlineUser" time="1.718" classname="gameMng_Selenide"/>
  <testcase name="slangWord" time="15.652" classname="gameMng_Selenide"/>
  <testcase name="pvpSchedule" time="8.576" classname="gameMng_Selenide"/>
</testsuite>
