<?xml version="1.0" encoding="UTF-8"?>
<!-- Generated by org.testng.reporters.JUnitXMLReporter -->
<testsuite hostname="apzz0928-PC" tests="30" failures="0" timestamp="26 Sep 2017 08:30:16 GMT" time="193.777" errors="0">
  <testcase name="Login" time="3.302" classname="authMng_Selenide"/>
  <testcase name="authorityMenu_groupOrder" time="3.448" classname="authMng_Selenide"/>
  <testcase name="authorityMenu_keywordSearch" time="0.367" classname="authMng_Selenide"/>
  <testcase name="authorityMenu_detailMenu_add" time="2.57" classname="authMng_Selenide"/>
  <testcase name="authorityMenu_detailMenu_menuOrder" time="2.114" classname="authMng_Selenide"/>
  <testcase name="authorityMenu_detailMenu_edit" time="2.552" classname="authMng_Selenide"/>
  <testcase name="authorityMenu_detailMenu_del" time="0.942" classname="authMng_Selenide"/>
  <testcase name="authorityGroupMng_Menu" time="4.534" classname="authMng_Selenide"/>
  <testcase name="authorityGroupMng_Member" time="1.582" classname="authMng_Selenide"/>
  <testcase name="groupListByAdmin" time="1.913" classname="authMng_Selenide"/>
  <testcase name="ctActionLog" time="25.152" classname="authMng_Selenide"/>
  <testcase name="ctMember_addMember_add" time="3.167" classname="authMng_Selenide"/>
  <testcase name="ctMember_addMember_edit" time="2.338" classname="authMng_Selenide"/>
  <testcase name="ctMember_addMember_resetPW_del" time="2.004" classname="authMng_Selenide"/>
  <testcase name="Login" time="3.423" classname="gameAccountMng_Selenide"/>
  <testcase name="accountSearch" time="7.272" classname="gameAccountMng_Selenide"/>
  <testcase name="accountBlock" time="27.393" classname="gameAccountMng_Selenide"/>
  <testcase name="Login" time="3.198" classname="gameMng_Selenide"/>
  <testcase name="systemMessage" time="9.369" classname="gameMng_Selenide"/>
  <testcase name="ingameNotice_add" time="4.489" classname="gameMng_Selenide"/>
  <testcase name="ingameNotice_statusChange" time="6.391" classname="gameMng_Selenide"/>
  <testcase name="semdMail" time="6.528" classname="gameMng_Selenide"/>
  <testcase name="kickUser" time="2.613" classname="gameMng_Selenide"/>
  <testcase name="mailout" time="2.238" classname="gameMng_Selenide"/>
  <testcase name="burningEvent" time="5.82" classname="gameMng_Selenide"/>
  <testcase name="serverStatus" time="7.804" classname="gameMng_Selenide"/>
  <testcase name="limitDrop" time="4.171" classname="gameMng_Selenide"/>
  <testcase name="ingameGuide" time="8.105" classname="gameMng_Selenide"/>
  <testcase name="onlineUser" time="1.799" classname="gameMng_Selenide"/>
  <testcase name="slangWord" time="15.273" classname="gameMng_Selenide"/>
</testsuite>
