<?xml version="1.0" encoding="UTF-8"?>
<!-- Generated by org.testng.reporters.JUnitXMLReporter -->
<testsuite hostname="apzz0928-PC" tests="31" failures="1" timestamp="26 Sep 2017 07:29:46 GMT" time="210.945" errors="0">
  <testcase name="Login" time="3.314" classname="authMng_Selenide"/>
  <testcase name="authorityMenu_groupOrder" time="5.505" classname="authMng_Selenide"/>
  <testcase name="authorityMenu_keywordSearch" time="0.368" classname="authMng_Selenide"/>
  <testcase name="authorityMenu_detailMenu_add" time="2.495" classname="authMng_Selenide"/>
  <testcase name="authorityMenu_detailMenu_menuOrder" time="2.083" classname="authMng_Selenide"/>
  <testcase name="authorityMenu_detailMenu_edit" time="2.302" classname="authMng_Selenide"/>
  <testcase name="authorityMenu_detailMenu_del" time="0.99" classname="authMng_Selenide"/>
  <testcase name="authorityGroupMng_Menu" time="4.409" classname="authMng_Selenide"/>
  <testcase name="authorityGroupMng_Member" time="1.509" classname="authMng_Selenide"/>
  <testcase name="groupListByAdmin" time="2.079" classname="authMng_Selenide"/>
  <testcase name="ctActionLog" time="23.634" classname="authMng_Selenide"/>
  <testcase name="ctMember_addMember_add" time="3.221" classname="authMng_Selenide"/>
  <testcase name="ctMember_addMember_edit" time="2.363" classname="authMng_Selenide"/>
  <testcase name="ctMember_addMember_resetPW_del" time="2.319" classname="authMng_Selenide"/>
  <testcase name="Login" time="3.872" classname="gameAccountMng_Selenide"/>
  <testcase name="accountSearch" time="8.064" classname="gameAccountMng_Selenide"/>
  <testcase name="accountBlock" time="25.032" classname="gameAccountMng_Selenide"/>
  <testcase name="Login" time="2.754" classname="gameMng_Selenide"/>
  <testcase name="systemMessage" time="9.449" classname="gameMng_Selenide"/>
  <testcase name="ingameNotice_add" time="6.576" classname="gameMng_Selenide"/>
  <testcase name="ingameNotice_statusChange" time="6.862" classname="gameMng_Selenide"/>
  <testcase name="semdMail" time="7.545" classname="gameMng_Selenide"/>
  <testcase name="kickUser" time="2.012" classname="gameMng_Selenide"/>
  <testcase name="mailout" time="1.964" classname="gameMng_Selenide"/>
  <testcase name="burningEvent" time="5.772" classname="gameMng_Selenide"/>
  <testcase name="serverStatus" time="8.105" classname="gameMng_Selenide"/>
  <testcase name="limitDrop" time="4.367" classname="gameMng_Selenide"/>
  <testcase name="ingameGuide" time="7.671" classname="gameMng_Selenide"/>
  <testcase name="onlineUser" time="1.852" classname="gameMng_Selenide"/>
  <testcase name="slangWord" time="19.635" classname="gameMng_Selenide"/>
  <testcase name="pvpSchedule" time="10.866" classname="gameMng_Selenide">
    <failure type="com.codeborne.selenide.ex.ElementNotFound" message="Element not found {.uid_schedule_sync_btn}
Expected: exist">
      <![CDATA[Element not found {.uid_schedule_sync_btn}
Expected: exist
Screenshot: file:/D:/Selenium/Selenium%20Trials/SonarTest/build/reports/tests/1506410985553.1.png
Timeout: 4 s.
Caused by: WebDriverException: unknown error: Element <div class="ac_ctrl am_btn uid_schedule_sync_btn au_auto at_skin_d" acctrlid="acCtrlButton" acctrlindex="0">...</div> is not clickable at point (1468, 1190). Other element would receive the click: <i class="ac_container_message_modal"></i>
	at com.codeborne.selenide.impl.WebElementSource.createElementNotFoundError(WebElementSource.java:31)
	at com.codeborne.selenide.impl.ElementFinder.createElementNotFoundError(ElementFinder.java:82)
	at com.codeborne.selenide.impl.SelenideElementProxy.dispatchAndRetry(SelenideElementProxy.java:116)
	at com.codeborne.selenide.impl.SelenideElementProxy.invoke(SelenideElementProxy.java:63)
	at com.sun.proxy.$Proxy5.click(Unknown Source)
	at gameMng_Selenide.pvpSchedule(gameMng_Selenide.java:358)
Caused by: org.openqa.selenium.WebDriverException: unknown error: Element <div class="ac_ctrl am_btn uid_schedule_sync_btn au_auto at_skin_d" acctrlid="acCtrlButton" acctrlindex="0">...</div> is not clickable at point (1468, 1190). Other element would receive the click: <i class="ac_container_message_modal"></i>
  (Session info: chrome=61.0.3163.100)
  (Driver info: chromedriver=2.29.461591 (62ebf098771772160f391d75e589dc567915b233),platform=Windows NT 10.0.15063 x86_64) (WARNING: The server did not provide any stacktrace information)
Command duration or timeout: 517 milliseconds
Build info: version: '3.4.0', revision: 'unknown', time: 'unknown'
System info: host: 'APZZ0928-PC', ip: '10.10.105.228', os.name: 'Windows 10', os.arch: 'amd64', os.version: '10.0', java.version: '1.8.0_141'
Driver info: org.openqa.selenium.chrome.ChromeDriver
Capabilities [{applicationCacheEnabled=false, rotatable=false, mobileEmulationEnabled=false, networkConnectionEnabled=false, chrome={chromedriverVersion=2.29.461591 (62ebf098771772160f391d75e589dc567915b233), userDataDir=C:\Users\ADMINI~1\AppData\Local\Temp\scoped_dir21100_27058}, takesHeapSnapshot=true, pageLoadStrategy=normal, databaseEnabled=false, handlesAlerts=true, hasTouchScreen=false, version=61.0.3163.100, platform=XP, browserConnectionEnabled=false, nativeEvents=true, acceptSslCerts=true, locationContextEnabled=true, webStorageEnabled=true, browserName=chrome, takesScreenshot=true, javascriptEnabled=true, cssSelectorsEnabled=true, unexpectedAlertBehaviour=}]
Session ID: 97c2b6219cc30b4e137a8f65d92022db
Command duration or timeout: 951 milliseconds
	at org.openqa.selenium.remote.ErrorHandler.createThrowable(ErrorHandler.java:215)
	at org.openqa.selenium.remote.ErrorHandler.throwIfResponseFailed(ErrorHandler.java:167)
	at org.openqa.selenium.remote.RemoteWebDriver.execute(RemoteWebDriver.java:671)
	at org.openqa.selenium.remote.RemoteWebElement.execute(RemoteWebElement.java:272)
	at org.openqa.selenium.remote.RemoteWebElement.click(RemoteWebElement.java:82)
	at com.codeborne.selenide.commands.Click.click(Click.java:29)
	at com.codeborne.selenide.commands.Click.execute(Click.java:16)
	at com.codeborne.selenide.commands.Click.execute(Click.java:12)
	at com.codeborne.selenide.commands.Commands.execute(Commands.java:143)
	at com.codeborne.selenide.impl.SelenideElementProxy.dispatchAndRetry(SelenideElementProxy.java:87)
	... 30 more
Caused by: org.openqa.selenium.remote.ScreenshotException: Screen shot has been taken
	at org.openqa.selenium.remote.ErrorHandler.throwIfResponseFailed(ErrorHandler.java:141)
	... 38 more
Caused by: org.openqa.selenium.WebDriverException: unknown error: Element <div class="ac_ctrl am_btn uid_schedule_sync_btn au_auto at_skin_d" acctrlid="acCtrlButton" acctrlindex="0">...</div> is not clickable at point (1468, 1190). Other element would receive the click: <i class="ac_container_message_modal"></i>
  (Session info: chrome=61.0.3163.100)
  (Driver info: chromedriver=2.29.461591 (62ebf098771772160f391d75e589dc567915b233),platform=Windows NT 10.0.15063 x86_64) (WARNING: The server did not provide any stacktrace information)
Command duration or timeout: 517 milliseconds
Build info: version: '3.4.0', revision: 'unknown', time: 'unknown'
System info: host: 'APZZ0928-PC', ip: '10.10.105.228', os.name: 'Windows 10', os.arch: 'amd64', os.version: '10.0', java.version: '1.8.0_141'
Driver info: org.openqa.selenium.chrome.ChromeDriver
Capabilities [{applicationCacheEnabled=false, rotatable=false, mobileEmulationEnabled=false, networkConnectionEnabled=false, chrome={chromedriverVersion=2.29.461591 (62ebf098771772160f391d75e589dc567915b233), userDataDir=C:\Users\ADMINI~1\AppData\Local\Temp\scoped_dir21100_27058}, takesHeapSnapshot=true, pageLoadStrategy=normal, databaseEnabled=false, handlesAlerts=true, hasTouchScreen=false, version=61.0.3163.100, platform=XP, browserConnectionEnabled=false, nativeEvents=true, acceptSslCerts=true, locationContextEnabled=true, webStorageEnabled=true, browserName=chrome, takesScreenshot=true, javascriptEnabled=true, cssSelectorsEnabled=true, unexpectedAlertBehaviour=}]
Session ID: 97c2b6219cc30b4e137a8f65d92022db
Build info: version: '3.4.0', revision: 'unknown', time: 'unknown'
System info: host: 'APZZ0928-PC', ip: '10.10.105.228', os.name: 'Windows 10', os.arch: 'amd64', os.version: '10.0', java.version: '1.8.0_131'
Driver info: driver.version: RemoteWebDriver
	at org.openqa.selenium.remote.ErrorHandler.createThrowable(ErrorHandler.java:215)
	at org.openqa.selenium.remote.ErrorHandler.throwIfResponseFailed(ErrorHandler.java:167)
	at org.openqa.selenium.remote.RemoteWebDriver.execute(RemoteWebDriver.java:671)
	at org.openqa.selenium.remote.RemoteWebElement.execute(RemoteWebElement.java:272)
	at org.openqa.selenium.remote.RemoteWebElement.click(RemoteWebElement.java:82)
	at org.openqa.selenium.support.events.EventFiringWebDriver$EventFiringWebElement$1.invoke(EventFiringWebDriver.java:332)
	at com.sun.proxy.$Proxy7.click(Unknown Source)
	at org.openqa.selenium.support.events.EventFiringWebDriver$EventFiringWebElement.click(EventFiringWebDriver.java:345)
	at org.openqa.selenium.remote.server.KnownElements$1.invoke(KnownElements.java:64)
	at com.sun.proxy.$Proxy8.click(Unknown Source)
	at org.openqa.selenium.remote.server.handler.ClickElement.call(ClickElement.java:30)
	at org.openqa.selenium.remote.server.handler.ClickElement.call(ClickElement.java:22)
	at java.util.concurrent.FutureTask.run(Unknown Source)
	at org.openqa.selenium.remote.server.DefaultSession$1.run(DefaultSession.java:176)
	at java.util.concurrent.ThreadPoolExecutor.runWorker(Unknown Source)
	at java.util.concurrent.ThreadPoolExecutor$Worker.run(Unknown Source)
	at java.lang.Thread.run(Unknown Source)
... Removed 40 stack frames]]>
    </failure>
  </testcase> <!-- pvpSchedule -->
</testsuite>
