<?xml version="1.0" encoding="UTF-8"?>
<!-- Generated by org.testng.reporters.JUnitXMLReporter -->
<testsuite hostname="apzz0928-PC" tests="31" failures="0" timestamp="17 Oct 2017 03:03:12 GMT" time="228.052" errors="0">
  <testcase name="Login" time="3.258" classname="authMng_Selenide"/>
  <testcase name="authorityMenu_groupOrder" time="4.987" classname="authMng_Selenide"/>
  <testcase name="authorityMenu_keywordSearch" time="0.365" classname="authMng_Selenide"/>
  <testcase name="authorityMenu_detailMenu_add" time="2.447" classname="authMng_Selenide"/>
  <testcase name="authorityMenu_detailMenu_menuOrder" time="2.092" classname="authMng_Selenide"/>
  <testcase name="authorityMenu_detailMenu_edit" time="2.399" classname="authMng_Selenide"/>
  <testcase name="authorityMenu_detailMenu_del" time="1.055" classname="authMng_Selenide"/>
  <testcase name="authorityGroupMng_Menu" time="4.825" classname="authMng_Selenide"/>
  <testcase name="authorityGroupMng_Member" time="1.686" classname="authMng_Selenide"/>
  <testcase name="groupListByAdmin" time="1.907" classname="authMng_Selenide"/>
  <testcase name="ctActionLog" time="30.16" classname="authMng_Selenide"/>
  <testcase name="ctMember_addMember_add" time="3.301" classname="authMng_Selenide"/>
  <testcase name="ctMember_addMember_edit" time="2.554" classname="authMng_Selenide"/>
  <testcase name="ctMember_addMember_resetPW_del" time="2.331" classname="authMng_Selenide"/>
  <testcase name="Login" time="3.443" classname="gameAccountMng_Selenide"/>
  <testcase name="accountSearch" time="6.811" classname="gameAccountMng_Selenide"/>
  <testcase name="accountBlock" time="25.579" classname="gameAccountMng_Selenide"/>
  <testcase name="Login" time="3.213" classname="gameMng_Selenide"/>
  <testcase name="systemMessage" time="9.808" classname="gameMng_Selenide"/>
  <testcase name="ingameNotice_add" time="5.795" classname="gameMng_Selenide"/>
  <testcase name="ingameNotice_statusChange" time="6.801" classname="gameMng_Selenide"/>
  <testcase name="semdMail" time="7.559" classname="gameMng_Selenide"/>
  <testcase name="kickUser" time="2.569" classname="gameMng_Selenide"/>
  <testcase name="mailout" time="1.89" classname="gameMng_Selenide"/>
  <testcase name="burningEvent" time="6.327" classname="gameMng_Selenide"/>
  <testcase name="serverStatus" time="8.193" classname="gameMng_Selenide"/>
  <testcase name="limitDrop" time="7.54" classname="gameMng_Selenide"/>
  <testcase name="ingameGuide" time="8.791" classname="gameMng_Selenide"/>
  <testcase name="onlineUser" time="1.773" classname="gameMng_Selenide"/>
  <testcase name="slangWord" time="23.361" classname="gameMng_Selenide"/>
  <testcase name="pvpSchedule" time="14.298" classname="gameMng_Selenide"/>
</testsuite>
