<?xml version="1.0" encoding="UTF-8"?>
<!-- Generated by org.testng.reporters.JUnitXMLReporter -->
<testsuite hostname="apzz0928-PC" tests="32" failures="0" timestamp="22 Sep 2017 05:27:43 GMT" time="222.344" errors="0">
  <testcase name="Login" time="3.432" classname="authMng_Selenide"/>
  <testcase name="authorityMenu_groupOrder" time="5.612" classname="authMng_Selenide"/>
  <testcase name="authorityMenu_keywordSearch" time="0.395" classname="authMng_Selenide"/>
  <testcase name="authorityMenu_detailMenu_add" time="2.528" classname="authMng_Selenide"/>
  <testcase name="authorityMenu_detailMenu_menuOrder" time="2.321" classname="authMng_Selenide"/>
  <testcase name="authorityMenu_detailMenu_edit" time="2.669" classname="authMng_Selenide"/>
  <testcase name="authorityMenu_detailMenu_del" time="1.025" classname="authMng_Selenide"/>
  <testcase name="authorityGroupMng_Menu" time="5.042" classname="authMng_Selenide"/>
  <testcase name="authorityGroupMng_Member" time="1.55" classname="authMng_Selenide"/>
  <testcase name="groupListByAdmin" time="2.228" classname="authMng_Selenide"/>
  <testcase name="ctActionLog" time="6.2" classname="authMng_Selenide"/>
  <testcase name="ctMember_addMember_add" time="3.245" classname="authMng_Selenide"/>
  <testcase name="ctMember_addMember_edit" time="2.31" classname="authMng_Selenide"/>
  <testcase name="ctMember_addMember_resetPW_del" time="2.274" classname="authMng_Selenide"/>
  <testcase name="Login" time="2.901" classname="gameAccountMng_Selenide"/>
  <testcase name="accountSearch" time="6.9" classname="gameAccountMng_Selenide"/>
  <testcase name="accountBlock" time="25.939" classname="gameAccountMng_Selenide"/>
  <testcase name="clan" time="27.425" classname="gameAccountMng_Selenide"/>
  <testcase name="Login" time="2.97" classname="gameMng_Selenide"/>
  <testcase name="systemMessage" time="9.95" classname="gameMng_Selenide"/>
  <testcase name="ingameNotice_add" time="6.967" classname="gameMng_Selenide"/>
  <testcase name="ingameNotice_statusChange" time="6.535" classname="gameMng_Selenide"/>
  <testcase name="semdMail" time="7.765" classname="gameMng_Selenide"/>
  <testcase name="kickUser" time="2.292" classname="gameMng_Selenide"/>
  <testcase name="mailout" time="2.131" classname="gameMng_Selenide"/>
  <testcase name="burningEvent" time="6.277" classname="gameMng_Selenide"/>
  <testcase name="serverStatus" time="8.898" classname="gameMng_Selenide"/>
  <testcase name="limitDrop" time="4.674" classname="gameMng_Selenide"/>
  <testcase name="ingameGuide" time="8.728" classname="gameMng_Selenide"/>
  <testcase name="onlineUser" time="1.795" classname="gameMng_Selenide"/>
  <testcase name="slangWord" time="18.911" classname="gameMng_Selenide"/>
  <testcase name="pvpSchedule" time="8.662" classname="gameMng_Selenide"/>
</testsuite>
