<?xml version="1.0" encoding="UTF-8"?>
<!-- Generated by org.testng.reporters.JUnitXMLReporter -->
<testsuite hostname="apzz0928-PC" tests="31" failures="0" timestamp="24 Oct 2017 01:58:11 GMT" time="248.071" errors="0">
  <testcase name="Login" time="2.826" classname="authMng_Selenide"/>
  <testcase name="authorityMenu_groupOrder" time="5.203" classname="authMng_Selenide"/>
  <testcase name="authorityMenu_keywordSearch" time="0.407" classname="authMng_Selenide"/>
  <testcase name="authorityMenu_detailMenu_add" time="2.577" classname="authMng_Selenide"/>
  <testcase name="authorityMenu_detailMenu_menuOrder" time="2.352" classname="authMng_Selenide"/>
  <testcase name="authorityMenu_detailMenu_edit" time="2.74" classname="authMng_Selenide"/>
  <testcase name="authorityMenu_detailMenu_del" time="1.023" classname="authMng_Selenide"/>
  <testcase name="authorityGroupMng_Menu" time="5.263" classname="authMng_Selenide"/>
  <testcase name="authorityGroupMng_Member" time="1.555" classname="authMng_Selenide"/>
  <testcase name="groupListByAdmin" time="2.085" classname="authMng_Selenide"/>
  <testcase name="ctActionLog" time="53.915" classname="authMng_Selenide"/>
  <testcase name="ctMember_addMember_add" time="3.205" classname="authMng_Selenide"/>
  <testcase name="ctMember_addMember_edit" time="2.452" classname="authMng_Selenide"/>
  <testcase name="ctMember_addMember_resetPW_del" time="2.152" classname="authMng_Selenide"/>
  <testcase name="Login" time="3.194" classname="gameAccountMng_Selenide"/>
  <testcase name="accountSearch" time="6.508" classname="gameAccountMng_Selenide"/>
  <testcase name="accountBlock" time="25.773" classname="gameAccountMng_Selenide"/>
  <testcase name="Login" time="2.839" classname="gameMng_Selenide"/>
  <testcase name="systemMessage" time="11.812" classname="gameMng_Selenide"/>
  <testcase name="ingameNotice_add" time="6.37" classname="gameMng_Selenide"/>
  <testcase name="ingameNotice_statusChange" time="6.245" classname="gameMng_Selenide"/>
  <testcase name="semdMail" time="8.245" classname="gameMng_Selenide"/>
  <testcase name="kickUser" time="2.303" classname="gameMng_Selenide"/>
  <testcase name="mailout" time="1.948" classname="gameMng_Selenide"/>
  <testcase name="burningEvent" time="6.023" classname="gameMng_Selenide"/>
  <testcase name="serverStatus" time="8.427" classname="gameMng_Selenide"/>
  <testcase name="limitDrop" time="7.482" classname="gameMng_Selenide"/>
  <testcase name="ingameGuide" time="8.162" classname="gameMng_Selenide"/>
  <testcase name="onlineUser" time="1.842" classname="gameMng_Selenide"/>
  <testcase name="slangWord" time="19.533" classname="gameMng_Selenide"/>
  <testcase name="pvpSchedule" time="13.5" classname="gameMng_Selenide"/>
</testsuite>
