<?xml version="1.0" encoding="UTF-8"?>
<!-- Generated by org.testng.reporters.JUnitXMLReporter -->
<testsuite hostname="apzz0928-PC" tests="31" failures="1" timestamp="26 Sep 2017 07:26:15 GMT" time="265.22" errors="0">
  <testcase name="Login" time="4.329" classname="authMng_Selenide"/>
  <testcase name="authorityMenu_groupOrder" time="6.032" classname="authMng_Selenide"/>
  <testcase name="authorityMenu_keywordSearch" time="0.859" classname="authMng_Selenide"/>
  <testcase name="authorityMenu_detailMenu_add" time="3.119" classname="authMng_Selenide"/>
  <testcase name="authorityMenu_detailMenu_menuOrder" time="3.677" classname="authMng_Selenide"/>
  <testcase name="authorityMenu_detailMenu_edit" time="2.778" classname="authMng_Selenide"/>
  <testcase name="authorityMenu_detailMenu_del" time="1.855" classname="authMng_Selenide"/>
  <testcase name="authorityGroupMng_Menu" time="8.507" classname="authMng_Selenide"/>
  <testcase name="authorityGroupMng_Member" time="4.383" classname="authMng_Selenide"/>
  <testcase name="groupListByAdmin" time="2.857" classname="authMng_Selenide"/>
  <testcase name="ctActionLog" time="19.149" classname="authMng_Selenide"/>
  <testcase name="ctMember_addMember_add" time="3.642" classname="authMng_Selenide"/>
  <testcase name="ctMember_addMember_edit" time="2.555" classname="authMng_Selenide"/>
  <testcase name="ctMember_addMember_resetPW_del" time="3.94" classname="authMng_Selenide"/>
  <testcase name="Login" time="3.789" classname="gameAccountMng_Selenide"/>
  <testcase name="accountSearch" time="7.502" classname="gameAccountMng_Selenide"/>
  <testcase name="accountBlock" time="44.826" classname="gameAccountMng_Selenide"/>
  <testcase name="Login" time="3.689" classname="gameMng_Selenide"/>
  <testcase name="systemMessage" time="17.079" classname="gameMng_Selenide"/>
  <testcase name="ingameNotice_add" time="7.319" classname="gameMng_Selenide"/>
  <testcase name="ingameNotice_statusChange" time="9.196" classname="gameMng_Selenide"/>
  <testcase name="semdMail" time="7.353" classname="gameMng_Selenide"/>
  <testcase name="kickUser" time="3.249" classname="gameMng_Selenide"/>
  <testcase name="mailout" time="2.511" classname="gameMng_Selenide"/>
  <testcase name="burningEvent" time="10.349" classname="gameMng_Selenide"/>
  <testcase name="serverStatus" time="12.017" classname="gameMng_Selenide"/>
  <testcase name="limitDrop" time="9.167" classname="gameMng_Selenide"/>
  <testcase name="ingameGuide" time="11.076" classname="gameMng_Selenide"/>
  <testcase name="onlineUser" time="2.164" classname="gameMng_Selenide"/>
  <testcase name="slangWord" time="20.116" classname="gameMng_Selenide"/>
  <testcase name="pvpSchedule" time="10.057" classname="gameMng_Selenide">
    <failure type="com.codeborne.selenide.ex.ElementNotFound" message="Element not found {.uid_ok_btn}
Expected: visible">
      <![CDATA[Element not found {.uid_ok_btn}
Expected: visible
Screenshot: file:/D:/Selenium/Selenium%20Trials/SonarTest/build/reports/tests/1506410775094.0.png
Timeout: 4 s.
Caused by: NoSuchElementException: Unable to locate element: .uid_ok_btn
	at com.codeborne.selenide.impl.WebElementSource.createElementNotFoundError(WebElementSource.java:31)
	at com.codeborne.selenide.impl.ElementFinder.createElementNotFoundError(ElementFinder.java:82)
	at com.codeborne.selenide.impl.WebElementSource.checkCondition(WebElementSource.java:59)
	at com.codeborne.selenide.commands.Should.should(Should.java:35)
	at com.codeborne.selenide.commands.Should.execute(Should.java:29)
	at com.codeborne.selenide.commands.Should.execute(Should.java:12)
	at com.codeborne.selenide.commands.Commands.execute(Commands.java:143)
	at com.codeborne.selenide.impl.SelenideElementProxy.dispatchAndRetry(SelenideElementProxy.java:87)
	at com.codeborne.selenide.impl.SelenideElementProxy.invoke(SelenideElementProxy.java:63)
	at com.sun.proxy.$Proxy5.shouldBe(Unknown Source)
	at gameMng_Selenide.pvpSchedule(gameMng_Selenide.java:362)
Caused by: org.openqa.selenium.NoSuchElementException: Unable to locate element: .uid_ok_btn
For documentation on this error, please visit: http://seleniumhq.org/exceptions/no_such_element.html
Build info: version: '3.4.0', revision: 'unknown', time: 'unknown'
System info: host: 'APZZ0928-PC', ip: '10.10.105.228', os.name: 'Windows 10', os.arch: 'amd64', os.version: '10.0', java.version: '1.8.0_141'
Driver info: org.openqa.selenium.firefox.FirefoxDriver
Capabilities [{moz:profile=C:\Users\ADMINI~1\AppData\Local\Temp\rust_mozprofile.q1jwW5JLbHNY, rotatable=false, timeouts={implicit=0.0, pageLoad=300000.0, script=30000.0}, pageLoadStrategy=normal, platform=ANY, specificationLevel=0.0, moz:accessibilityChecks=false, acceptInsecureCerts=true, browserVersion=55.0.3, platformVersion=10.0, moz:processID=20148.0, browserName=firefox, javascriptEnabled=true, platformName=windows_nt}]
Session ID: 3e99850a-dcba-4b63-9c03-2fdeb0ef1c5d
*** Element info: {Using=css selector, value=.uid_ok_btn}
Command duration or timeout: 627 milliseconds
	at org.openqa.selenium.remote.ErrorHandler.createThrowable(ErrorHandler.java:215)
	at org.openqa.selenium.remote.ErrorHandler.throwIfResponseFailed(ErrorHandler.java:167)
	at org.openqa.selenium.remote.RemoteWebDriver.execute(RemoteWebDriver.java:671)
	at org.openqa.selenium.remote.RemoteWebDriver.findElement(RemoteWebDriver.java:410)
	at org.openqa.selenium.remote.RemoteWebDriver.findElementByCssSelector(RemoteWebDriver.java:501)
	at org.openqa.selenium.By$ByCssSelector.findElement(By.java:430)
	at org.openqa.selenium.remote.RemoteWebDriver.findElement(RemoteWebDriver.java:402)
	at com.codeborne.selenide.impl.WebElementSelector.findElement(WebElementSelector.java:28)
	at com.codeborne.selenide.impl.ElementFinder.getWebElement(ElementFinder.java:56)
	at com.codeborne.selenide.impl.WebElementSource.checkCondition(WebElementSource.java:44)
	... 35 more
Caused by: org.openqa.selenium.remote.ScreenshotException: Screen shot has been taken
	at org.openqa.selenium.remote.ErrorHandler.throwIfResponseFailed(ErrorHandler.java:141)
	... 43 more
Caused by: org.openqa.selenium.NoSuchElementException: Unable to locate element: .uid_ok_btn
For documentation on this error, please visit: http://seleniumhq.org/exceptions/no_such_element.html
Build info: version: '3.4.0', revision: 'unknown', time: 'unknown'
System info: host: 'APZZ0928-PC', ip: '10.10.105.228', os.name: 'Windows 10', os.arch: 'amd64', os.version: '10.0', java.version: '1.8.0_141'
Driver info: org.openqa.selenium.firefox.FirefoxDriver
Capabilities [{moz:profile=C:\Users\ADMINI~1\AppData\Local\Temp\rust_mozprofile.q1jwW5JLbHNY, rotatable=false, timeouts={implicit=0.0, pageLoad=300000.0, script=30000.0}, pageLoadStrategy=normal, platform=ANY, specificationLevel=0.0, moz:accessibilityChecks=false, acceptInsecureCerts=true, browserVersion=55.0.3, platformVersion=10.0, moz:processID=20148.0, browserName=firefox, javascriptEnabled=true, platformName=windows_nt}]
Session ID: 3e99850a-dcba-4b63-9c03-2fdeb0ef1c5d
*** Element info: {Using=css selector, value=.uid_ok_btn}
For documentation on this error, please visit: http://seleniumhq.org/exceptions/no_such_element.html
Build info: version: '3.4.0', revision: 'unknown', time: 'unknown'
System info: host: 'APZZ0928-PC', ip: '10.10.105.228', os.name: 'Windows 10', os.arch: 'amd64', os.version: '10.0', java.version: '1.8.0_131'
Driver info: driver.version: EventFiringWebDriver
	at org.openqa.selenium.remote.http.W3CHttpResponseCodec.createException(W3CHttpResponseCodec.java:150)
	at org.openqa.selenium.remote.http.W3CHttpResponseCodec.decode(W3CHttpResponseCodec.java:115)
	at org.openqa.selenium.remote.http.W3CHttpResponseCodec.decode(W3CHttpResponseCodec.java:45)
	at org.openqa.selenium.remote.HttpCommandExecutor.execute(HttpCommandExecutor.java:164)
	at org.openqa.selenium.remote.service.DriverCommandExecutor.execute(DriverCommandExecutor.java:82)
	at org.openqa.selenium.remote.RemoteWebDriver.execute(RemoteWebDriver.java:637)
	at org.openqa.selenium.remote.RemoteWebDriver.findElement(RemoteWebDriver.java:410)
	at org.openqa.selenium.remote.RemoteWebDriver.findElementByCssSelector(RemoteWebDriver.java:501)
	at org.openqa.selenium.By$ByCssSelector.findElement(By.java:430)
	at org.openqa.selenium.remote.RemoteWebDriver.findElement(RemoteWebDriver.java:402)
	at org.openqa.selenium.support.events.EventFiringWebDriver$2.invoke(EventFiringWebDriver.java:104)
	at com.sun.proxy.$Proxy6.findElement(Unknown Source)
	at org.openqa.selenium.support.events.EventFiringWebDriver.findElement(EventFiringWebDriver.java:188)
	at org.openqa.selenium.remote.server.handler.FindElement.call(FindElement.java:48)
	at org.openqa.selenium.remote.server.handler.FindElement.call(FindElement.java:33)
	at java.util.concurrent.FutureTask.run(Unknown Source)
	at org.openqa.selenium.remote.server.DefaultSession$1.run(DefaultSession.java:176)
	at java.util.concurrent.ThreadPoolExecutor.runWorker(Unknown Source)
	at java.util.concurrent.ThreadPoolExecutor$Worker.run(Unknown Source)
	at java.lang.Thread.run(Unknown Source)
... Removed 36 stack frames]]>
    </failure>
  </testcase> <!-- pvpSchedule -->
</testsuite>
