<?xml version="1.0" encoding="UTF-8"?>
<!-- Generated by org.testng.reporters.JUnitXMLReporter -->
<testsuite hostname="apzz0928-PC" tests="33" failures="0" timestamp="20 Sep 2017 09:55:32 GMT" time="235.213" errors="0">
  <testcase name="Login" time="10.773" classname="SonarTest"/>
  <testcase name="Login" time="3.583" classname="authMng_Selenide"/>
  <testcase name="authorityMenu_groupOrder" time="4.379" classname="authMng_Selenide"/>
  <testcase name="authorityMenu_keywordSearch" time="0.454" classname="authMng_Selenide"/>
  <testcase name="authorityMenu_detailMenu_add" time="2.475" classname="authMng_Selenide"/>
  <testcase name="authorityMenu_detailMenu_menuOrder" time="1.844" classname="authMng_Selenide"/>
  <testcase name="authorityMenu_detailMenu_edit" time="2.066" classname="authMng_Selenide"/>
  <testcase name="authorityMenu_detailMenu_del" time="1.01" classname="authMng_Selenide"/>
  <testcase name="authorityGroupMng_Menu" time="4.46" classname="authMng_Selenide"/>
  <testcase name="authorityGroupMng_Member" time="1.549" classname="authMng_Selenide"/>
  <testcase name="groupListByAdmin" time="1.622" classname="authMng_Selenide"/>
  <testcase name="ctActionLog" time="7.837" classname="authMng_Selenide"/>
  <testcase name="ctMember_addMember_add" time="3.096" classname="authMng_Selenide"/>
  <testcase name="ctMember_addMember_edit" time="2.37" classname="authMng_Selenide"/>
  <testcase name="ctMember_addMember_resetPW_del" time="2.092" classname="authMng_Selenide"/>
  <testcase name="Login" time="3.404" classname="gameAccountMng_Selenide"/>
  <testcase name="accountSearch" time="6.375" classname="gameAccountMng_Selenide"/>
  <testcase name="accountBlock" time="25.578" classname="gameAccountMng_Selenide"/>
  <testcase name="clan" time="26.993" classname="gameAccountMng_Selenide"/>
  <testcase name="Login" time="3.189" classname="gameMng_Selenide"/>
  <testcase name="systemMessage" time="9.295" classname="gameMng_Selenide"/>
  <testcase name="ingameNotice_add" time="5.9" classname="gameMng_Selenide"/>
  <testcase name="ingameNotice_statusChange" time="6.263" classname="gameMng_Selenide"/>
  <testcase name="semdMail" time="8.101" classname="gameMng_Selenide"/>
  <testcase name="kickUser" time="2.155" classname="gameMng_Selenide"/>
  <testcase name="mailout" time="2.326" classname="gameMng_Selenide"/>
  <testcase name="burningEvent" time="5.813" classname="gameMng_Selenide"/>
  <testcase name="serverStatus" time="7.472" classname="gameMng_Selenide"/>
  <testcase name="limitDrop" time="4.399" classname="gameMng_Selenide"/>
  <testcase name="ingameGuide" time="8.152" classname="gameMng_Selenide"/>
  <testcase name="onlineUser" time="1.819" classname="gameMng_Selenide"/>
  <testcase name="slangWord" time="18.49" classname="gameMng_Selenide"/>
  <testcase name="pvpSchedule" time="8.358" classname="gameMng_Selenide"/>
</testsuite>
