<?xml version="1.0" encoding="UTF-8"?>
<!-- Generated by org.testng.reporters.JUnitXMLReporter -->
<testsuite hostname="apzz0928-PC" tests="14" failures="0" timestamp="20 Sep 2017 08:36:06 GMT" time="46.668" errors="0">
  <testcase name="Login" time="3.285" classname="authMng_Selenide"/>
  <testcase name="authorityMenu_groupOrder" time="5.194" classname="authMng_Selenide"/>
  <testcase name="authorityMenu_keywordSearch" time="0.395" classname="authMng_Selenide"/>
  <testcase name="authorityMenu_detailMenu_add" time="2.482" classname="authMng_Selenide"/>
  <testcase name="authorityMenu_detailMenu_menuOrder" time="1.767" classname="authMng_Selenide"/>
  <testcase name="authorityMenu_detailMenu_edit" time="2.025" classname="authMng_Selenide"/>
  <testcase name="authorityMenu_detailMenu_del" time="0.93" classname="authMng_Selenide"/>
  <testcase name="authorityGroupMng_Menu" time="4.124" classname="authMng_Selenide"/>
  <testcase name="authorityGroupMng_Member" time="1.504" classname="authMng_Selenide"/>
  <testcase name="groupListByAdmin" time="1.665" classname="authMng_Selenide"/>
  <testcase name="ctActionLog" time="8.14" classname="authMng_Selenide"/>
  <testcase name="ctMember_addMember_add" time="3.094" classname="authMng_Selenide"/>
  <testcase name="ctMember_addMember_edit" time="2.327" classname="authMng_Selenide"/>
  <testcase name="ctMember_addMember_resetPW_del" time="2.111" classname="authMng_Selenide"/>
</testsuite>
