<?xml version="1.0" encoding="UTF-8"?>
<testng-results skipped="0" failed="0" total="14" passed="14">
  <reporter-output>
  </reporter-output>
  <suite name="Suite" duration-ms="46668" started-at="2017-09-20T08:35:20Z" finished-at="2017-09-20T08:36:06Z">
    <groups>
    </groups>
    <test name="Test" duration-ms="46668" started-at="2017-09-20T08:35:20Z" finished-at="2017-09-20T08:36:06Z">
      <class name="authMng_Selenide">
        <test-method status="PASS" signature="beforeTest()[pri:0, instance:authMng_Selenide@54a097cc]" name="beforeTest" is-config="true" duration-ms="6673" started-at="2017-09-20T17:35:20Z" finished-at="2017-09-20T17:35:26Z">
          <reporter-output>
          </reporter-output>
        </test-method> <!-- beforeTest -->
        <test-method status="PASS" signature="Login()[pri:0, instance:authMng_Selenide@54a097cc]" name="Login" duration-ms="3285" started-at="2017-09-20T17:35:26Z" finished-at="2017-09-20T17:35:30Z">
          <reporter-output>
          </reporter-output>
        </test-method> <!-- Login -->
        <test-method status="PASS" signature="authorityMenu_groupOrder()[pri:1, instance:authMng_Selenide@54a097cc]" name="authorityMenu_groupOrder" duration-ms="5194" started-at="2017-09-20T17:35:30Z" finished-at="2017-09-20T17:35:35Z">
          <reporter-output>
          </reporter-output>
        </test-method> <!-- authorityMenu_groupOrder -->
        <test-method status="PASS" signature="authorityMenu_keywordSearch()[pri:2, instance:authMng_Selenide@54a097cc]" name="authorityMenu_keywordSearch" duration-ms="395" started-at="2017-09-20T17:35:35Z" finished-at="2017-09-20T17:35:35Z">
          <reporter-output>
          </reporter-output>
        </test-method> <!-- authorityMenu_keywordSearch -->
        <test-method status="PASS" signature="authorityMenu_detailMenu_add()[pri:3, instance:authMng_Selenide@54a097cc]" name="authorityMenu_detailMenu_add" duration-ms="2482" started-at="2017-09-20T17:35:35Z" finished-at="2017-09-20T17:35:38Z">
          <reporter-output>
          </reporter-output>
        </test-method> <!-- authorityMenu_detailMenu_add -->
        <test-method status="PASS" signature="authorityMenu_detailMenu_menuOrder()[pri:4, instance:authMng_Selenide@54a097cc]" name="authorityMenu_detailMenu_menuOrder" duration-ms="1767" started-at="2017-09-20T17:35:38Z" finished-at="2017-09-20T17:35:39Z">
          <reporter-output>
          </reporter-output>
        </test-method> <!-- authorityMenu_detailMenu_menuOrder -->
        <test-method status="PASS" signature="authorityMenu_detailMenu_edit()[pri:5, instance:authMng_Selenide@54a097cc]" name="authorityMenu_detailMenu_edit" duration-ms="2025" started-at="2017-09-20T17:35:39Z" finished-at="2017-09-20T17:35:41Z">
          <reporter-output>
          </reporter-output>
        </test-method> <!-- authorityMenu_detailMenu_edit -->
        <test-method status="PASS" signature="authorityMenu_detailMenu_del()[pri:6, instance:authMng_Selenide@54a097cc]" name="authorityMenu_detailMenu_del" duration-ms="930" started-at="2017-09-20T17:35:41Z" finished-at="2017-09-20T17:35:42Z">
          <reporter-output>
          </reporter-output>
        </test-method> <!-- authorityMenu_detailMenu_del -->
        <test-method status="PASS" signature="authorityGroupMng_Menu()[pri:7, instance:authMng_Selenide@54a097cc]" name="authorityGroupMng_Menu" duration-ms="4124" started-at="2017-09-20T17:35:42Z" finished-at="2017-09-20T17:35:47Z">
          <reporter-output>
          </reporter-output>
        </test-method> <!-- authorityGroupMng_Menu -->
        <test-method status="PASS" signature="authorityGroupMng_Member()[pri:8, instance:authMng_Selenide@54a097cc]" name="authorityGroupMng_Member" duration-ms="1504" started-at="2017-09-20T17:35:47Z" finished-at="2017-09-20T17:35:48Z">
          <reporter-output>
          </reporter-output>
        </test-method> <!-- authorityGroupMng_Member -->
        <test-method status="PASS" signature="groupListByAdmin()[pri:9, instance:authMng_Selenide@54a097cc]" name="groupListByAdmin" duration-ms="1665" started-at="2017-09-20T17:35:48Z" finished-at="2017-09-20T17:35:50Z">
          <reporter-output>
          </reporter-output>
        </test-method> <!-- groupListByAdmin -->
        <test-method status="PASS" signature="ctActionLog()[pri:10, instance:authMng_Selenide@54a097cc]" name="ctActionLog" duration-ms="8140" started-at="2017-09-20T17:35:50Z" finished-at="2017-09-20T17:35:58Z">
          <reporter-output>
          </reporter-output>
        </test-method> <!-- ctActionLog -->
        <test-method status="PASS" signature="ctMember_addMember_add()[pri:11, instance:authMng_Selenide@54a097cc]" name="ctMember_addMember_add" duration-ms="3094" started-at="2017-09-20T17:35:58Z" finished-at="2017-09-20T17:36:01Z">
          <reporter-output>
          </reporter-output>
        </test-method> <!-- ctMember_addMember_add -->
        <test-method status="PASS" signature="ctMember_addMember_edit()[pri:12, instance:authMng_Selenide@54a097cc]" name="ctMember_addMember_edit" duration-ms="2327" started-at="2017-09-20T17:36:01Z" finished-at="2017-09-20T17:36:03Z">
          <reporter-output>
          </reporter-output>
        </test-method> <!-- ctMember_addMember_edit -->
        <test-method status="PASS" signature="ctMember_addMember_resetPW_del()[pri:13, instance:authMng_Selenide@54a097cc]" name="ctMember_addMember_resetPW_del" duration-ms="2111" started-at="2017-09-20T17:36:03Z" finished-at="2017-09-20T17:36:05Z">
          <reporter-output>
          </reporter-output>
        </test-method> <!-- ctMember_addMember_resetPW_del -->
        <test-method status="PASS" signature="afterTest()[pri:0, instance:authMng_Selenide@54a097cc]" name="afterTest" is-config="true" duration-ms="943" started-at="2017-09-20T17:36:05Z" finished-at="2017-09-20T17:36:06Z">
          <reporter-output>
          </reporter-output>
        </test-method> <!-- afterTest -->
      </class> <!-- authMng_Selenide -->
    </test> <!-- Test -->
  </suite> <!-- Suite -->
</testng-results>
