<?xml version="1.0" encoding="UTF-8"?>
<testsuite xmlns:xsi="http://www.w3.org/2001/XMLSchema-instance" xsi:noNamespaceSchemaLocation="https://maven.apache.org/surefire/maven-surefire-plugin/xsd/surefire-test-report.xsd" name="TestSuite" time="438.45" tests="64" errors="0" skipped="0" failures="10">
  <properties>
[...]
</properties>
  <testcase name="Login" classname="authMng_Selenide" time="4.818"/>
  <testcase name="Login" classname="authMng_Selenide" time="3.485"/>
  <testcase name="authorityMenu_groupOrder" classname="authMng_Selenide" time="6.097"/>
  <testcase name="authorityMenu_groupOrder" classname="authMng_Selenide" time="4.287"/>
  <testcase name="authorityMenu_keywordSearch" classname="authMng_Selenide" time="0.903"/>
  <testcase name="authorityMenu_keywordSearch" classname="authMng_Selenide" time="0.404"/>
  <testcase name="authorityMenu_detailMenu_add" classname="authMng_Selenide" time="3.418"/>
  <testcase name="authorityMenu_detailMenu_add" classname="authMng_Selenide" time="2.753"/>
  <testcase name="authorityMenu_detailMenu_menuOrder" classname="authMng_Selenide" time="3.745"/>
  <testcase name="authorityMenu_detailMenu_menuOrder" classname="authMng_Selenide" time="2.752"/>
  <testcase name="authorityMenu_detailMenu_edit" classname="authMng_Selenide" time="2.981"/>
  <testcase name="authorityMenu_detailMenu_edit" classname="authMng_Selenide" time="2.381"/>
  <testcase name="authorityMenu_detailMenu_del" classname="authMng_Selenide" time="1.813"/>
  <testcase name="authorityMenu_detailMenu_del" classname="authMng_Selenide" time="0.968"/>
  <testcase name="authorityGroupMng_Menu" classname="authMng_Selenide" time="8.194"/>
  <testcase name="authorityGroupMng_Menu" classname="authMng_Selenide" time="4.405"/>
  <testcase name="authorityGroupMng_Member" classname="authMng_Selenide" time="4.555"/>
  <testcase name="authorityGroupMng_Member" classname="authMng_Selenide" time="1.467"/>
  <testcase name="groupListByAdmin" classname="authMng_Selenide" time="2.793"/>
  <testcase name="groupListByAdmin" classname="authMng_Selenide" time="1.93"/>
  <testcase name="ctActionLog" classname="authMng_Selenide" time="0"/>
  <testcase name="ctActionLog" classname="authMng_Selenide" time="5.024"/>
  <testcase name="ctMember_addMember_add" classname="authMng_Selenide" time="3.478"/>
  <testcase name="ctMember_addMember_add" classname="authMng_Selenide" time="3.088"/>
  <testcase name="ctMember_addMember_edit" classname="authMng_Selenide" time="2.688"/>
  <testcase name="ctMember_addMember_edit" classname="authMng_Selenide" time="2.272"/>
  <testcase name="ctMember_addMember_resetPW_del" classname="authMng_Selenide" time="3.911"/>
  <testcase name="ctMember_addMember_resetPW_del" classname="authMng_Selenide" time="1.997"/>
  <testcase name="Login" classname="gameAccountMng_Selenide" time="3.824"/>
  <testcase name="Login" classname="gameAccountMng_Selenide" time="2.838"/>
  <testcase name="accountSearch" classname="gameAccountMng_Selenide" time="6.004">
    <failure message="Element not found {.uid_game_account_init}&#10;Expected: visible" type="com.codeborne.selenide.ex.ElementNotFound">com.codeborne.selenide.ex.ElementNotFound: 
Element not found {.uid_game_account_init}
Expected: visible
	at gameAccountMng_Selenide.accountSearch(gameAccountMng_Selenide.java:85)
Caused by: org.openqa.selenium.NoSuchElementException: 
Unable to locate element: .uid_game_account_init
For documentation on this error, please visit: http://seleniumhq.org/exceptions/no_such_element.html
Build info: version: '3.4.0', revision: 'unknown', time: 'unknown'
System info: host: 'APZZ0928-PC', ip: '10.10.105.228', os.name: 'Windows 10', os.arch: 'amd64', os.version: '10.0', java.version: '1.8.0_141'
Driver info: org.openqa.selenium.firefox.FirefoxDriver
Capabilities [{moz:profile=C:\Users\ADMINI~1\AppData\Local\Temp\rust_mozprofile.yF9uwWBs5h17, rotatable=false, timeouts={implicit=0.0, pageLoad=300000.0, script=30000.0}, pageLoadStrategy=normal, platform=ANY, specificationLevel=0.0, moz:accessibilityChecks=false, acceptInsecureCerts=true, browserVersion=55.0.3, platformVersion=10.0, moz:processID=7916.0, browserName=firefox, javascriptEnabled=true, platformName=windows_nt}]
Session ID: ab9a25e9-1720-486b-81e7-08d0b550174a
*** Element info: {Using=css selector, value=.uid_game_account_init}
Command duration or timeout: 416 milliseconds
	at gameAccountMng_Selenide.accountSearch(gameAccountMng_Selenide.java:85)
Caused by: org.openqa.selenium.remote.ScreenshotException: Screen shot has been taken
	at gameAccountMng_Selenide.accountSearch(gameAccountMng_Selenide.java:85)
Caused by: org.openqa.selenium.NoSuchElementException: 
Unable to locate element: .uid_game_account_init
For documentation on this error, please visit: http://seleniumhq.org/exceptions/no_such_element.html
Build info: version: '3.4.0', revision: 'unknown', time: 'unknown'
System info: host: 'APZZ0928-PC', ip: '10.10.105.228', os.name: 'Windows 10', os.arch: 'amd64', os.version: '10.0', java.version: '1.8.0_141'
Driver info: org.openqa.selenium.firefox.FirefoxDriver
Capabilities [{moz:profile=C:\Users\ADMINI~1\AppData\Local\Temp\rust_mozprofile.yF9uwWBs5h17, rotatable=false, timeouts={implicit=0.0, pageLoad=300000.0, script=30000.0}, pageLoadStrategy=normal, platform=ANY, specificationLevel=0.0, moz:accessibilityChecks=false, acceptInsecureCerts=true, browserVersion=55.0.3, platformVersion=10.0, moz:processID=7916.0, browserName=firefox, javascriptEnabled=true, platformName=windows_nt}]
Session ID: ab9a25e9-1720-486b-81e7-08d0b550174a
*** Element info: {Using=css selector, value=.uid_game_account_init}
For documentation on this error, please visit: http://seleniumhq.org/exceptions/no_such_element.html
Build info: version: '3.4.0', revision: 'unknown', time: 'unknown'
System info: host: 'APZZ0928-PC', ip: '10.10.105.228', os.name: 'Windows 10', os.arch: 'amd64', os.version: '10.0', java.version: '1.8.0_131'
Driver info: driver.version: EventFiringWebDriver
</failure>
  </testcase>
  <testcase name="accountSearch" classname="gameAccountMng_Selenide" time="5.831">
    <failure message="Element not found {.uid_game_account_init}&#10;Expected: visible" type="com.codeborne.selenide.ex.ElementNotFound">com.codeborne.selenide.ex.ElementNotFound: 
Element not found {.uid_game_account_init}
Expected: visible
	at gameAccountMng_Selenide.accountSearch(gameAccountMng_Selenide.java:85)
Caused by: org.openqa.selenium.NoSuchElementException: 
no such element: Unable to locate element: {"method":"css selector","selector":".uid_game_account_init"}
  (Session info: chrome=60.0.3112.113)
  (Driver info: chromedriver=2.29.461591 (62ebf098771772160f391d75e589dc567915b233),platform=Windows NT 10.0.15063 x86_64) (WARNING: The server did not provide any stacktrace information)
Command duration or timeout: 8 milliseconds
For documentation on this error, please visit: http://seleniumhq.org/exceptions/no_such_element.html
Build info: version: '3.4.0', revision: 'unknown', time: 'unknown'
System info: host: 'APZZ0928-PC', ip: '10.10.105.228', os.name: 'Windows 10', os.arch: 'amd64', os.version: '10.0', java.version: '1.8.0_141'
Driver info: org.openqa.selenium.chrome.ChromeDriver
Capabilities [{applicationCacheEnabled=false, rotatable=false, mobileEmulationEnabled=false, networkConnectionEnabled=false, chrome={chromedriverVersion=2.29.461591 (62ebf098771772160f391d75e589dc567915b233), userDataDir=C:\Users\ADMINI~1\AppData\Local\Temp\scoped_dir2832_3376}, takesHeapSnapshot=true, pageLoadStrategy=normal, databaseEnabled=false, handlesAlerts=true, hasTouchScreen=false, version=60.0.3112.113, platform=XP, browserConnectionEnabled=false, nativeEvents=true, acceptSslCerts=true, locationContextEnabled=true, webStorageEnabled=true, browserName=chrome, takesScreenshot=true, javascriptEnabled=true, cssSelectorsEnabled=true, unexpectedAlertBehaviour=}]
Session ID: 7230127aa91528a6518fc16183f102b0
*** Element info: {Using=css selector, value=.uid_game_account_init}
Command duration or timeout: 527 milliseconds
	at gameAccountMng_Selenide.accountSearch(gameAccountMng_Selenide.java:85)
Caused by: org.openqa.selenium.remote.ScreenshotException: Screen shot has been taken
	at gameAccountMng_Selenide.accountSearch(gameAccountMng_Selenide.java:85)
Caused by: org.openqa.selenium.NoSuchElementException: 
no such element: Unable to locate element: {"method":"css selector","selector":".uid_game_account_init"}
  (Session info: chrome=60.0.3112.113)
  (Driver info: chromedriver=2.29.461591 (62ebf098771772160f391d75e589dc567915b233),platform=Windows NT 10.0.15063 x86_64) (WARNING: The server did not provide any stacktrace information)
Command duration or timeout: 8 milliseconds
For documentation on this error, please visit: http://seleniumhq.org/exceptions/no_such_element.html
Build info: version: '3.4.0', revision: 'unknown', time: 'unknown'
System info: host: 'APZZ0928-PC', ip: '10.10.105.228', os.name: 'Windows 10', os.arch: 'amd64', os.version: '10.0', java.version: '1.8.0_141'
Driver info: org.openqa.selenium.chrome.ChromeDriver
Capabilities [{applicationCacheEnabled=false, rotatable=false, mobileEmulationEnabled=false, networkConnectionEnabled=false, chrome={chromedriverVersion=2.29.461591 (62ebf098771772160f391d75e589dc567915b233), userDataDir=C:\Users\ADMINI~1\AppData\Local\Temp\scoped_dir2832_3376}, takesHeapSnapshot=true, pageLoadStrategy=normal, databaseEnabled=false, handlesAlerts=true, hasTouchScreen=false, version=60.0.3112.113, platform=XP, browserConnectionEnabled=false, nativeEvents=true, acceptSslCerts=true, locationContextEnabled=true, webStorageEnabled=true, browserName=chrome, takesScreenshot=true, javascriptEnabled=true, cssSelectorsEnabled=true, unexpectedAlertBehaviour=}]
Session ID: 7230127aa91528a6518fc16183f102b0
*** Element info: {Using=css selector, value=.uid_game_account_init}
For documentation on this error, please visit: http://seleniumhq.org/exceptions/no_such_element.html
Build info: version: '3.4.0', revision: 'unknown', time: 'unknown'
System info: host: 'APZZ0928-PC', ip: '10.10.105.228', os.name: 'Windows 10', os.arch: 'amd64', os.version: '10.0', java.version: '1.8.0_131'
Driver info: driver.version: EventFiringWebDriver
</failure>
  </testcase>
  <testcase name="accountBlock" classname="gameAccountMng_Selenide" time="39.628"/>
  <testcase name="accountBlock" classname="gameAccountMng_Selenide" time="25.53"/>
  <testcase name="clan" classname="gameAccountMng_Selenide" time="5.953">
    <failure message="Element not found {.menu-title}&#10;Expected: text &apos;전체 메뉴&apos;" type="com.codeborne.selenide.ex.ElementNotFound">com.codeborne.selenide.ex.ElementNotFound: 
Element not found {.menu-title}
Expected: text '전체 메뉴'
	at gameAccountMng_Selenide.clan(gameAccountMng_Selenide.java:301)
Caused by: org.openqa.selenium.NoSuchElementException: 
Unable to locate element: .menu-title
For documentation on this error, please visit: http://seleniumhq.org/exceptions/no_such_element.html
Build info: version: '3.4.0', revision: 'unknown', time: 'unknown'
System info: host: 'APZZ0928-PC', ip: '10.10.105.228', os.name: 'Windows 10', os.arch: 'amd64', os.version: '10.0', java.version: '1.8.0_141'
Driver info: org.openqa.selenium.firefox.FirefoxDriver
Capabilities [{moz:profile=C:\Users\ADMINI~1\AppData\Local\Temp\rust_mozprofile.yF9uwWBs5h17, rotatable=false, timeouts={implicit=0.0, pageLoad=300000.0, script=30000.0}, pageLoadStrategy=normal, platform=ANY, specificationLevel=0.0, moz:accessibilityChecks=false, acceptInsecureCerts=true, browserVersion=55.0.3, platformVersion=10.0, moz:processID=7916.0, browserName=firefox, javascriptEnabled=true, platformName=windows_nt}]
Session ID: ab9a25e9-1720-486b-81e7-08d0b550174a
*** Element info: {Using=css selector, value=.menu-title}
Command duration or timeout: 395 milliseconds
	at gameAccountMng_Selenide.clan(gameAccountMng_Selenide.java:301)
Caused by: org.openqa.selenium.remote.ScreenshotException: Screen shot has been taken
	at gameAccountMng_Selenide.clan(gameAccountMng_Selenide.java:301)
Caused by: org.openqa.selenium.NoSuchElementException: 
Unable to locate element: .menu-title
For documentation on this error, please visit: http://seleniumhq.org/exceptions/no_such_element.html
Build info: version: '3.4.0', revision: 'unknown', time: 'unknown'
System info: host: 'APZZ0928-PC', ip: '10.10.105.228', os.name: 'Windows 10', os.arch: 'amd64', os.version: '10.0', java.version: '1.8.0_141'
Driver info: org.openqa.selenium.firefox.FirefoxDriver
Capabilities [{moz:profile=C:\Users\ADMINI~1\AppData\Local\Temp\rust_mozprofile.yF9uwWBs5h17, rotatable=false, timeouts={implicit=0.0, pageLoad=300000.0, script=30000.0}, pageLoadStrategy=normal, platform=ANY, specificationLevel=0.0, moz:accessibilityChecks=false, acceptInsecureCerts=true, browserVersion=55.0.3, platformVersion=10.0, moz:processID=7916.0, browserName=firefox, javascriptEnabled=true, platformName=windows_nt}]
Session ID: ab9a25e9-1720-486b-81e7-08d0b550174a
*** Element info: {Using=css selector, value=.menu-title}
For documentation on this error, please visit: http://seleniumhq.org/exceptions/no_such_element.html
Build info: version: '3.4.0', revision: 'unknown', time: 'unknown'
System info: host: 'APZZ0928-PC', ip: '10.10.105.228', os.name: 'Windows 10', os.arch: 'amd64', os.version: '10.0', java.version: '1.8.0_131'
Driver info: driver.version: EventFiringWebDriver
</failure>
  </testcase>
  <testcase name="clan" classname="gameAccountMng_Selenide" time="4.067">
    <failure message="Element not found {.menu-title}&#10;Expected: text &apos;전체 메뉴&apos;" type="com.codeborne.selenide.ex.ElementNotFound">com.codeborne.selenide.ex.ElementNotFound: 
Element not found {.menu-title}
Expected: text '전체 메뉴'
	at gameAccountMng_Selenide.clan(gameAccountMng_Selenide.java:301)
Caused by: org.openqa.selenium.NoSuchElementException: 
no such element: Unable to locate element: {"method":"css selector","selector":".menu-title"}
  (Session info: chrome=60.0.3112.113)
  (Driver info: chromedriver=2.29.461591 (62ebf098771772160f391d75e589dc567915b233),platform=Windows NT 10.0.15063 x86_64) (WARNING: The server did not provide any stacktrace information)
Command duration or timeout: 7 milliseconds
For documentation on this error, please visit: http://seleniumhq.org/exceptions/no_such_element.html
Build info: version: '3.4.0', revision: 'unknown', time: 'unknown'
System info: host: 'APZZ0928-PC', ip: '10.10.105.228', os.name: 'Windows 10', os.arch: 'amd64', os.version: '10.0', java.version: '1.8.0_141'
Driver info: org.openqa.selenium.chrome.ChromeDriver
Capabilities [{applicationCacheEnabled=false, rotatable=false, mobileEmulationEnabled=false, networkConnectionEnabled=false, chrome={chromedriverVersion=2.29.461591 (62ebf098771772160f391d75e589dc567915b233), userDataDir=C:\Users\ADMINI~1\AppData\Local\Temp\scoped_dir2832_3376}, takesHeapSnapshot=true, pageLoadStrategy=normal, databaseEnabled=false, handlesAlerts=true, hasTouchScreen=false, version=60.0.3112.113, platform=XP, browserConnectionEnabled=false, nativeEvents=true, acceptSslCerts=true, locationContextEnabled=true, webStorageEnabled=true, browserName=chrome, takesScreenshot=true, javascriptEnabled=true, cssSelectorsEnabled=true, unexpectedAlertBehaviour=}]
Session ID: 7230127aa91528a6518fc16183f102b0
*** Element info: {Using=css selector, value=.menu-title}
Command duration or timeout: 338 milliseconds
	at gameAccountMng_Selenide.clan(gameAccountMng_Selenide.java:301)
Caused by: org.openqa.selenium.remote.ScreenshotException: Screen shot has been taken
	at gameAccountMng_Selenide.clan(gameAccountMng_Selenide.java:301)
Caused by: org.openqa.selenium.NoSuchElementException: 
no such element: Unable to locate element: {"method":"css selector","selector":".menu-title"}
  (Session info: chrome=60.0.3112.113)
  (Driver info: chromedriver=2.29.461591 (62ebf098771772160f391d75e589dc567915b233),platform=Windows NT 10.0.15063 x86_64) (WARNING: The server did not provide any stacktrace information)
Command duration or timeout: 7 milliseconds
For documentation on this error, please visit: http://seleniumhq.org/exceptions/no_such_element.html
Build info: version: '3.4.0', revision: 'unknown', time: 'unknown'
System info: host: 'APZZ0928-PC', ip: '10.10.105.228', os.name: 'Windows 10', os.arch: 'amd64', os.version: '10.0', java.version: '1.8.0_141'
Driver info: org.openqa.selenium.chrome.ChromeDriver
Capabilities [{applicationCacheEnabled=false, rotatable=false, mobileEmulationEnabled=false, networkConnectionEnabled=false, chrome={chromedriverVersion=2.29.461591 (62ebf098771772160f391d75e589dc567915b233), userDataDir=C:\Users\ADMINI~1\AppData\Local\Temp\scoped_dir2832_3376}, takesHeapSnapshot=true, pageLoadStrategy=normal, databaseEnabled=false, handlesAlerts=true, hasTouchScreen=false, version=60.0.3112.113, platform=XP, browserConnectionEnabled=false, nativeEvents=true, acceptSslCerts=true, locationContextEnabled=true, webStorageEnabled=true, browserName=chrome, takesScreenshot=true, javascriptEnabled=true, cssSelectorsEnabled=true, unexpectedAlertBehaviour=}]
Session ID: 7230127aa91528a6518fc16183f102b0
*** Element info: {Using=css selector, value=.menu-title}
For documentation on this error, please visit: http://seleniumhq.org/exceptions/no_such_element.html
Build info: version: '3.4.0', revision: 'unknown', time: 'unknown'
System info: host: 'APZZ0928-PC', ip: '10.10.105.228', os.name: 'Windows 10', os.arch: 'amd64', os.version: '10.0', java.version: '1.8.0_131'
Driver info: driver.version: EventFiringWebDriver
</failure>
  </testcase>
  <testcase name="Login" classname="gameMng_Selenide" time="3.765"/>
  <testcase name="Login" classname="gameMng_Selenide" time="2.361"/>
  <testcase name="systemMessage" classname="gameMng_Selenide" time="17.015"/>
  <testcase name="systemMessage" classname="gameMng_Selenide" time="9.369"/>
  <testcase name="ingameNotice_add" classname="gameMng_Selenide" time="7.006"/>
  <testcase name="ingameNotice_add" classname="gameMng_Selenide" time="6.337"/>
  <testcase name="ingameNotice_statusChange" classname="gameMng_Selenide" time="9.638"/>
  <testcase name="ingameNotice_statusChange" classname="gameMng_Selenide" time="6.531"/>
  <testcase name="semdMail" classname="gameMng_Selenide" time="8.085"/>
  <testcase name="semdMail" classname="gameMng_Selenide" time="8.065"/>
  <testcase name="kickUser" classname="gameMng_Selenide" time="3.548"/>
  <testcase name="kickUser" classname="gameMng_Selenide" time="2.074"/>
  <testcase name="mailout" classname="gameMng_Selenide" time="2.706"/>
  <testcase name="mailout" classname="gameMng_Selenide" time="1.899"/>
  <testcase name="burningEvent" classname="gameMng_Selenide" time="7.996">
    <failure message="Element not found {By.linkText: 추가}&#10;Expected: visible" type="com.codeborne.selenide.ex.ElementNotFound">com.codeborne.selenide.ex.ElementNotFound: 
Element not found {By.linkText: 추가}
Expected: visible
	at gameMng_Selenide.burningEvent(gameMng_Selenide.java:199)
Caused by: org.openqa.selenium.NoSuchElementException: 
Unable to locate element: 추가
For documentation on this error, please visit: http://seleniumhq.org/exceptions/no_such_element.html
Build info: version: '3.4.0', revision: 'unknown', time: 'unknown'
System info: host: 'APZZ0928-PC', ip: '10.10.105.228', os.name: 'Windows 10', os.arch: 'amd64', os.version: '10.0', java.version: '1.8.0_141'
Driver info: org.openqa.selenium.firefox.FirefoxDriver
Capabilities [{moz:profile=C:\Users\ADMINI~1\AppData\Local\Temp\rust_mozprofile.lU5WkFe3Nnkg, rotatable=false, timeouts={implicit=0.0, pageLoad=300000.0, script=30000.0}, pageLoadStrategy=normal, platform=ANY, specificationLevel=0.0, moz:accessibilityChecks=false, acceptInsecureCerts=true, browserVersion=55.0.3, platformVersion=10.0, moz:processID=17024.0, browserName=firefox, javascriptEnabled=true, platformName=windows_nt}]
Session ID: 7a395e15-ceb5-4743-b503-c781b2e268a6
*** Element info: {Using=link text, value=추가}
Command duration or timeout: 539 milliseconds
	at gameMng_Selenide.burningEvent(gameMng_Selenide.java:199)
Caused by: org.openqa.selenium.remote.ScreenshotException: Screen shot has been taken
	at gameMng_Selenide.burningEvent(gameMng_Selenide.java:199)
Caused by: org.openqa.selenium.NoSuchElementException: 
Unable to locate element: 추가
For documentation on this error, please visit: http://seleniumhq.org/exceptions/no_such_element.html
Build info: version: '3.4.0', revision: 'unknown', time: 'unknown'
System info: host: 'APZZ0928-PC', ip: '10.10.105.228', os.name: 'Windows 10', os.arch: 'amd64', os.version: '10.0', java.version: '1.8.0_141'
Driver info: org.openqa.selenium.firefox.FirefoxDriver
Capabilities [{moz:profile=C:\Users\ADMINI~1\AppData\Local\Temp\rust_mozprofile.lU5WkFe3Nnkg, rotatable=false, timeouts={implicit=0.0, pageLoad=300000.0, script=30000.0}, pageLoadStrategy=normal, platform=ANY, specificationLevel=0.0, moz:accessibilityChecks=false, acceptInsecureCerts=true, browserVersion=55.0.3, platformVersion=10.0, moz:processID=17024.0, browserName=firefox, javascriptEnabled=true, platformName=windows_nt}]
Session ID: 7a395e15-ceb5-4743-b503-c781b2e268a6
*** Element info: {Using=link text, value=추가}
For documentation on this error, please visit: http://seleniumhq.org/exceptions/no_such_element.html
Build info: version: '3.4.0', revision: 'unknown', time: 'unknown'
System info: host: 'APZZ0928-PC', ip: '10.10.105.228', os.name: 'Windows 10', os.arch: 'amd64', os.version: '10.0', java.version: '1.8.0_131'
Driver info: driver.version: EventFiringWebDriver
</failure>
  </testcase>
  <testcase name="burningEvent" classname="gameMng_Selenide" time="6.898">
    <failure message="Element not found {By.linkText: 추가}&#10;Expected: visible" type="com.codeborne.selenide.ex.ElementNotFound">com.codeborne.selenide.ex.ElementNotFound: 
Element not found {By.linkText: 추가}
Expected: visible
	at gameMng_Selenide.burningEvent(gameMng_Selenide.java:199)
Caused by: org.openqa.selenium.NoSuchElementException: 
no such element: Unable to locate element: {"method":"link text","selector":"추가"}
  (Session info: chrome=60.0.3112.113)
  (Driver info: chromedriver=2.29.461591 (62ebf098771772160f391d75e589dc567915b233),platform=Windows NT 10.0.15063 x86_64) (WARNING: The server did not provide any stacktrace information)
Command duration or timeout: 7 milliseconds
For documentation on this error, please visit: http://seleniumhq.org/exceptions/no_such_element.html
Build info: version: '3.4.0', revision: 'unknown', time: 'unknown'
System info: host: 'APZZ0928-PC', ip: '10.10.105.228', os.name: 'Windows 10', os.arch: 'amd64', os.version: '10.0', java.version: '1.8.0_141'
Driver info: org.openqa.selenium.chrome.ChromeDriver
Capabilities [{applicationCacheEnabled=false, rotatable=false, mobileEmulationEnabled=false, networkConnectionEnabled=false, chrome={chromedriverVersion=2.29.461591 (62ebf098771772160f391d75e589dc567915b233), userDataDir=C:\Users\ADMINI~1\AppData\Local\Temp\scoped_dir1552_15606}, takesHeapSnapshot=true, pageLoadStrategy=normal, databaseEnabled=false, handlesAlerts=true, hasTouchScreen=false, version=60.0.3112.113, platform=XP, browserConnectionEnabled=false, nativeEvents=true, acceptSslCerts=true, locationContextEnabled=true, webStorageEnabled=true, browserName=chrome, takesScreenshot=true, javascriptEnabled=true, cssSelectorsEnabled=true, unexpectedAlertBehaviour=}]
Session ID: 1226ed1e5773a684fd999ed7783f9cce
*** Element info: {Using=link text, value=추가}
Command duration or timeout: 346 milliseconds
	at gameMng_Selenide.burningEvent(gameMng_Selenide.java:199)
Caused by: org.openqa.selenium.remote.ScreenshotException: Screen shot has been taken
	at gameMng_Selenide.burningEvent(gameMng_Selenide.java:199)
Caused by: org.openqa.selenium.NoSuchElementException: 
no such element: Unable to locate element: {"method":"link text","selector":"추가"}
  (Session info: chrome=60.0.3112.113)
  (Driver info: chromedriver=2.29.461591 (62ebf098771772160f391d75e589dc567915b233),platform=Windows NT 10.0.15063 x86_64) (WARNING: The server did not provide any stacktrace information)
Command duration or timeout: 7 milliseconds
For documentation on this error, please visit: http://seleniumhq.org/exceptions/no_such_element.html
Build info: version: '3.4.0', revision: 'unknown', time: 'unknown'
System info: host: 'APZZ0928-PC', ip: '10.10.105.228', os.name: 'Windows 10', os.arch: 'amd64', os.version: '10.0', java.version: '1.8.0_141'
Driver info: org.openqa.selenium.chrome.ChromeDriver
Capabilities [{applicationCacheEnabled=false, rotatable=false, mobileEmulationEnabled=false, networkConnectionEnabled=false, chrome={chromedriverVersion=2.29.461591 (62ebf098771772160f391d75e589dc567915b233), userDataDir=C:\Users\ADMINI~1\AppData\Local\Temp\scoped_dir1552_15606}, takesHeapSnapshot=true, pageLoadStrategy=normal, databaseEnabled=false, handlesAlerts=true, hasTouchScreen=false, version=60.0.3112.113, platform=XP, browserConnectionEnabled=false, nativeEvents=true, acceptSslCerts=true, locationContextEnabled=true, webStorageEnabled=true, browserName=chrome, takesScreenshot=true, javascriptEnabled=true, cssSelectorsEnabled=true, unexpectedAlertBehaviour=}]
Session ID: 1226ed1e5773a684fd999ed7783f9cce
*** Element info: {Using=link text, value=추가}
For documentation on this error, please visit: http://seleniumhq.org/exceptions/no_such_element.html
Build info: version: '3.4.0', revision: 'unknown', time: 'unknown'
System info: host: 'APZZ0928-PC', ip: '10.10.105.228', os.name: 'Windows 10', os.arch: 'amd64', os.version: '10.0', java.version: '1.8.0_131'
Driver info: driver.version: EventFiringWebDriver
</failure>
  </testcase>
  <testcase name="serverStatus" classname="gameMng_Selenide" time="11.872"/>
  <testcase name="serverStatus" classname="gameMng_Selenide" time="7.902"/>
  <testcase name="limitDrop" classname="gameMng_Selenide" time="8.835">
    <failure message="Element not found {By.name: filedata}&#10;Expected: exist" type="com.codeborne.selenide.ex.ElementNotFound">com.codeborne.selenide.ex.ElementNotFound: 
Element not found {By.name: filedata}
Expected: exist
	at gameMng_Selenide.limitDrop(gameMng_Selenide.java:254)
Caused by: org.openqa.selenium.NoSuchElementException: 
Unable to locate element: *[name='filedata']
For documentation on this error, please visit: http://seleniumhq.org/exceptions/no_such_element.html
Build info: version: '3.4.0', revision: 'unknown', time: 'unknown'
System info: host: 'APZZ0928-PC', ip: '10.10.105.228', os.name: 'Windows 10', os.arch: 'amd64', os.version: '10.0', java.version: '1.8.0_141'
Driver info: org.openqa.selenium.firefox.FirefoxDriver
Capabilities [{moz:profile=C:\Users\ADMINI~1\AppData\Local\Temp\rust_mozprofile.lU5WkFe3Nnkg, rotatable=false, timeouts={implicit=0.0, pageLoad=300000.0, script=30000.0}, pageLoadStrategy=normal, platform=ANY, specificationLevel=0.0, moz:accessibilityChecks=false, acceptInsecureCerts=true, browserVersion=55.0.3, platformVersion=10.0, moz:processID=17024.0, browserName=firefox, javascriptEnabled=true, platformName=windows_nt}]
Session ID: 7a395e15-ceb5-4743-b503-c781b2e268a6
*** Element info: {Using=name, value=filedata}
Command duration or timeout: 507 milliseconds
	at gameMng_Selenide.limitDrop(gameMng_Selenide.java:254)
Caused by: org.openqa.selenium.remote.ScreenshotException: Screen shot has been taken
	at gameMng_Selenide.limitDrop(gameMng_Selenide.java:254)
Caused by: org.openqa.selenium.NoSuchElementException: 
Unable to locate element: *[name='filedata']
For documentation on this error, please visit: http://seleniumhq.org/exceptions/no_such_element.html
Build info: version: '3.4.0', revision: 'unknown', time: 'unknown'
System info: host: 'APZZ0928-PC', ip: '10.10.105.228', os.name: 'Windows 10', os.arch: 'amd64', os.version: '10.0', java.version: '1.8.0_141'
Driver info: org.openqa.selenium.firefox.FirefoxDriver
Capabilities [{moz:profile=C:\Users\ADMINI~1\AppData\Local\Temp\rust_mozprofile.lU5WkFe3Nnkg, rotatable=false, timeouts={implicit=0.0, pageLoad=300000.0, script=30000.0}, pageLoadStrategy=normal, platform=ANY, specificationLevel=0.0, moz:accessibilityChecks=false, acceptInsecureCerts=true, browserVersion=55.0.3, platformVersion=10.0, moz:processID=17024.0, browserName=firefox, javascriptEnabled=true, platformName=windows_nt}]
Session ID: 7a395e15-ceb5-4743-b503-c781b2e268a6
*** Element info: {Using=name, value=filedata}
For documentation on this error, please visit: http://seleniumhq.org/exceptions/no_such_element.html
Build info: version: '3.4.0', revision: 'unknown', time: 'unknown'
System info: host: 'APZZ0928-PC', ip: '10.10.105.228', os.name: 'Windows 10', os.arch: 'amd64', os.version: '10.0', java.version: '1.8.0_131'
Driver info: driver.version: EventFiringWebDriver
</failure>
  </testcase>
  <testcase name="limitDrop" classname="gameMng_Selenide" time="6.682">
    <failure message="Element not found {By.name: filedata}&#10;Expected: exist" type="com.codeborne.selenide.ex.ElementNotFound">com.codeborne.selenide.ex.ElementNotFound: 
Element not found {By.name: filedata}
Expected: exist
	at gameMng_Selenide.limitDrop(gameMng_Selenide.java:254)
Caused by: org.openqa.selenium.NoSuchElementException: 
no such element: Unable to locate element: {"method":"name","selector":"filedata"}
  (Session info: chrome=60.0.3112.113)
  (Driver info: chromedriver=2.29.461591 (62ebf098771772160f391d75e589dc567915b233),platform=Windows NT 10.0.15063 x86_64) (WARNING: The server did not provide any stacktrace information)
Command duration or timeout: 7 milliseconds
For documentation on this error, please visit: http://seleniumhq.org/exceptions/no_such_element.html
Build info: version: '3.4.0', revision: 'unknown', time: 'unknown'
System info: host: 'APZZ0928-PC', ip: '10.10.105.228', os.name: 'Windows 10', os.arch: 'amd64', os.version: '10.0', java.version: '1.8.0_141'
Driver info: org.openqa.selenium.chrome.ChromeDriver
Capabilities [{applicationCacheEnabled=false, rotatable=false, mobileEmulationEnabled=false, networkConnectionEnabled=false, chrome={chromedriverVersion=2.29.461591 (62ebf098771772160f391d75e589dc567915b233), userDataDir=C:\Users\ADMINI~1\AppData\Local\Temp\scoped_dir1552_15606}, takesHeapSnapshot=true, pageLoadStrategy=normal, databaseEnabled=false, handlesAlerts=true, hasTouchScreen=false, version=60.0.3112.113, platform=XP, browserConnectionEnabled=false, nativeEvents=true, acceptSslCerts=true, locationContextEnabled=true, webStorageEnabled=true, browserName=chrome, takesScreenshot=true, javascriptEnabled=true, cssSelectorsEnabled=true, unexpectedAlertBehaviour=}]
Session ID: 1226ed1e5773a684fd999ed7783f9cce
*** Element info: {Using=name, value=filedata}
Command duration or timeout: 522 milliseconds
	at gameMng_Selenide.limitDrop(gameMng_Selenide.java:254)
Caused by: org.openqa.selenium.remote.ScreenshotException: Screen shot has been taken
	at gameMng_Selenide.limitDrop(gameMng_Selenide.java:254)
Caused by: org.openqa.selenium.NoSuchElementException: 
no such element: Unable to locate element: {"method":"name","selector":"filedata"}
  (Session info: chrome=60.0.3112.113)
  (Driver info: chromedriver=2.29.461591 (62ebf098771772160f391d75e589dc567915b233),platform=Windows NT 10.0.15063 x86_64) (WARNING: The server did not provide any stacktrace information)
Command duration or timeout: 7 milliseconds
For documentation on this error, please visit: http://seleniumhq.org/exceptions/no_such_element.html
Build info: version: '3.4.0', revision: 'unknown', time: 'unknown'
System info: host: 'APZZ0928-PC', ip: '10.10.105.228', os.name: 'Windows 10', os.arch: 'amd64', os.version: '10.0', java.version: '1.8.0_141'
Driver info: org.openqa.selenium.chrome.ChromeDriver
Capabilities [{applicationCacheEnabled=false, rotatable=false, mobileEmulationEnabled=false, networkConnectionEnabled=false, chrome={chromedriverVersion=2.29.461591 (62ebf098771772160f391d75e589dc567915b233), userDataDir=C:\Users\ADMINI~1\AppData\Local\Temp\scoped_dir1552_15606}, takesHeapSnapshot=true, pageLoadStrategy=normal, databaseEnabled=false, handlesAlerts=true, hasTouchScreen=false, version=60.0.3112.113, platform=XP, browserConnectionEnabled=false, nativeEvents=true, acceptSslCerts=true, locationContextEnabled=true, webStorageEnabled=true, browserName=chrome, takesScreenshot=true, javascriptEnabled=true, cssSelectorsEnabled=true, unexpectedAlertBehaviour=}]
Session ID: 1226ed1e5773a684fd999ed7783f9cce
*** Element info: {Using=name, value=filedata}
For documentation on this error, please visit: http://seleniumhq.org/exceptions/no_such_element.html
Build info: version: '3.4.0', revision: 'unknown', time: 'unknown'
System info: host: 'APZZ0928-PC', ip: '10.10.105.228', os.name: 'Windows 10', os.arch: 'amd64', os.version: '10.0', java.version: '1.8.0_131'
Driver info: driver.version: EventFiringWebDriver
</failure>
  </testcase>
  <testcase name="ingameGuide" classname="gameMng_Selenide" time="10.653"/>
  <testcase name="ingameGuide" classname="gameMng_Selenide" time="9.682"/>
  <testcase name="onlineUser" classname="gameMng_Selenide" time="0.775"/>
  <testcase name="onlineUser" classname="gameMng_Selenide" time="0.672"/>
  <testcase name="slangWord" classname="gameMng_Selenide" time="18.389"/>
  <testcase name="slangWord" classname="gameMng_Selenide" time="17.241"/>
  <testcase name="pvpSchedule" classname="gameMng_Selenide" time="12.245">
    <failure message="Element not found {.ac_message_title}&#10;Expected: text &apos;알림&apos;" type="com.codeborne.selenide.ex.ElementNotFound">com.codeborne.selenide.ex.ElementNotFound: 
Element not found {.ac_message_title}
Expected: text '알림'
	at gameMng_Selenide.pvpSchedule(gameMng_Selenide.java:360)
Caused by: org.openqa.selenium.NoSuchElementException: 
Unable to locate element: .ac_message_title
For documentation on this error, please visit: http://seleniumhq.org/exceptions/no_such_element.html
Build info: version: '3.4.0', revision: 'unknown', time: 'unknown'
System info: host: 'APZZ0928-PC', ip: '10.10.105.228', os.name: 'Windows 10', os.arch: 'amd64', os.version: '10.0', java.version: '1.8.0_141'
Driver info: org.openqa.selenium.firefox.FirefoxDriver
Capabilities [{moz:profile=C:\Users\ADMINI~1\AppData\Local\Temp\rust_mozprofile.lU5WkFe3Nnkg, rotatable=false, timeouts={implicit=0.0, pageLoad=300000.0, script=30000.0}, pageLoadStrategy=normal, platform=ANY, specificationLevel=0.0, moz:accessibilityChecks=false, acceptInsecureCerts=true, browserVersion=55.0.3, platformVersion=10.0, moz:processID=17024.0, browserName=firefox, javascriptEnabled=true, platformName=windows_nt}]
Session ID: 7a395e15-ceb5-4743-b503-c781b2e268a6
*** Element info: {Using=css selector, value=.ac_message_title}
Command duration or timeout: 534 milliseconds
	at gameMng_Selenide.pvpSchedule(gameMng_Selenide.java:360)
Caused by: org.openqa.selenium.remote.ScreenshotException: Screen shot has been taken
	at gameMng_Selenide.pvpSchedule(gameMng_Selenide.java:360)
Caused by: org.openqa.selenium.NoSuchElementException: 
Unable to locate element: .ac_message_title
For documentation on this error, please visit: http://seleniumhq.org/exceptions/no_such_element.html
Build info: version: '3.4.0', revision: 'unknown', time: 'unknown'
System info: host: 'APZZ0928-PC', ip: '10.10.105.228', os.name: 'Windows 10', os.arch: 'amd64', os.version: '10.0', java.version: '1.8.0_141'
Driver info: org.openqa.selenium.firefox.FirefoxDriver
Capabilities [{moz:profile=C:\Users\ADMINI~1\AppData\Local\Temp\rust_mozprofile.lU5WkFe3Nnkg, rotatable=false, timeouts={implicit=0.0, pageLoad=300000.0, script=30000.0}, pageLoadStrategy=normal, platform=ANY, specificationLevel=0.0, moz:accessibilityChecks=false, acceptInsecureCerts=true, browserVersion=55.0.3, platformVersion=10.0, moz:processID=17024.0, browserName=firefox, javascriptEnabled=true, platformName=windows_nt}]
Session ID: 7a395e15-ceb5-4743-b503-c781b2e268a6
*** Element info: {Using=css selector, value=.ac_message_title}
For documentation on this error, please visit: http://seleniumhq.org/exceptions/no_such_element.html
Build info: version: '3.4.0', revision: 'unknown', time: 'unknown'
System info: host: 'APZZ0928-PC', ip: '10.10.105.228', os.name: 'Windows 10', os.arch: 'amd64', os.version: '10.0', java.version: '1.8.0_131'
Driver info: driver.version: EventFiringWebDriver
</failure>
  </testcase>
  <testcase name="pvpSchedule" classname="gameMng_Selenide" time="10.793">
    <failure message="Element not found {.uid_schedule_sync_btn}&#10;Expected: exist" type="com.codeborne.selenide.ex.ElementNotFound"><![CDATA[com.codeborne.selenide.ex.ElementNotFound: 
Element not found {.uid_schedule_sync_btn}
Expected: exist
	at gameMng_Selenide.pvpSchedule(gameMng_Selenide.java:357)
Caused by: org.openqa.selenium.WebDriverException: 
unknown error: Element <div class="ac_ctrl am_btn uid_schedule_sync_btn au_auto at_skin_d" acctrlid="acCtrlButton" acctrlindex="0">...</div> is not clickable at point (1468, 1055). Other element would receive the click: <i class="ac_container_message_modal"></i>
  (Session info: chrome=60.0.3112.113)
  (Driver info: chromedriver=2.29.461591 (62ebf098771772160f391d75e589dc567915b233),platform=Windows NT 10.0.15063 x86_64) (WARNING: The server did not provide any stacktrace information)
Command duration or timeout: 517 milliseconds
Build info: version: '3.4.0', revision: 'unknown', time: 'unknown'
System info: host: 'APZZ0928-PC', ip: '10.10.105.228', os.name: 'Windows 10', os.arch: 'amd64', os.version: '10.0', java.version: '1.8.0_141'
Driver info: org.openqa.selenium.chrome.ChromeDriver
Capabilities [{applicationCacheEnabled=false, rotatable=false, mobileEmulationEnabled=false, networkConnectionEnabled=false, chrome={chromedriverVersion=2.29.461591 (62ebf098771772160f391d75e589dc567915b233), userDataDir=C:\Users\ADMINI~1\AppData\Local\Temp\scoped_dir1552_15606}, takesHeapSnapshot=true, pageLoadStrategy=normal, databaseEnabled=false, handlesAlerts=true, hasTouchScreen=false, version=60.0.3112.113, platform=XP, browserConnectionEnabled=false, nativeEvents=true, acceptSslCerts=true, locationContextEnabled=true, webStorageEnabled=true, browserName=chrome, takesScreenshot=true, javascriptEnabled=true, cssSelectorsEnabled=true, unexpectedAlertBehaviour=}]
Session ID: 1226ed1e5773a684fd999ed7783f9cce
Command duration or timeout: 1.05 seconds
	at gameMng_Selenide.pvpSchedule(gameMng_Selenide.java:357)
Caused by: org.openqa.selenium.remote.ScreenshotException: Screen shot has been taken
	at gameMng_Selenide.pvpSchedule(gameMng_Selenide.java:357)
Caused by: org.openqa.selenium.WebDriverException: 
unknown error: Element <div class="ac_ctrl am_btn uid_schedule_sync_btn au_auto at_skin_d" acctrlid="acCtrlButton" acctrlindex="0">...</div> is not clickable at point (1468, 1055). Other element would receive the click: <i class="ac_container_message_modal"></i>
  (Session info: chrome=60.0.3112.113)
  (Driver info: chromedriver=2.29.461591 (62ebf098771772160f391d75e589dc567915b233),platform=Windows NT 10.0.15063 x86_64) (WARNING: The server did not provide any stacktrace information)
Command duration or timeout: 517 milliseconds
Build info: version: '3.4.0', revision: 'unknown', time: 'unknown'
System info: host: 'APZZ0928-PC', ip: '10.10.105.228', os.name: 'Windows 10', os.arch: 'amd64', os.version: '10.0', java.version: '1.8.0_141'
Driver info: org.openqa.selenium.chrome.ChromeDriver
Capabilities [{applicationCacheEnabled=false, rotatable=false, mobileEmulationEnabled=false, networkConnectionEnabled=false, chrome={chromedriverVersion=2.29.461591 (62ebf098771772160f391d75e589dc567915b233), userDataDir=C:\Users\ADMINI~1\AppData\Local\Temp\scoped_dir1552_15606}, takesHeapSnapshot=true, pageLoadStrategy=normal, databaseEnabled=false, handlesAlerts=true, hasTouchScreen=false, version=60.0.3112.113, platform=XP, browserConnectionEnabled=false, nativeEvents=true, acceptSslCerts=true, locationContextEnabled=true, webStorageEnabled=true, browserName=chrome, takesScreenshot=true, javascriptEnabled=true, cssSelectorsEnabled=true, unexpectedAlertBehaviour=}]
Session ID: 1226ed1e5773a684fd999ed7783f9cce
Build info: version: '3.4.0', revision: 'unknown', time: 'unknown'
System info: host: 'APZZ0928-PC', ip: '10.10.105.228', os.name: 'Windows 10', os.arch: 'amd64', os.version: '10.0', java.version: '1.8.0_131'
Driver info: driver.version: RemoteWebDriver
]]></failure>
  </testcase>
</testsuite>