<?xml version="1.0" encoding="UTF-8"?>
<testsuite xmlns:xsi="http://www.w3.org/2001/XMLSchema-instance" xsi:noNamespaceSchemaLocation="https://maven.apache.org/surefire/maven-surefire-plugin/xsd/surefire-test-report.xsd" name="TestSuite" time="476.629" tests="62" errors="0" skipped="0" failures="2">
  <properties>
[...]
</properties>
  <testcase name="Login" classname="authMng_Selenide" time="4.33"/>
  <testcase name="Login" classname="authMng_Selenide" time="3.313"/>
  <testcase name="authorityMenu_groupOrder" classname="authMng_Selenide" time="6.03"/>
  <testcase name="authorityMenu_groupOrder" classname="authMng_Selenide" time="5.505"/>
  <testcase name="authorityMenu_keywordSearch" classname="authMng_Selenide" time="0.859"/>
  <testcase name="authorityMenu_keywordSearch" classname="authMng_Selenide" time="0.369"/>
  <testcase name="authorityMenu_detailMenu_add" classname="authMng_Selenide" time="3.118"/>
  <testcase name="authorityMenu_detailMenu_add" classname="authMng_Selenide" time="2.495"/>
  <testcase name="authorityMenu_detailMenu_menuOrder" classname="authMng_Selenide" time="3.676"/>
  <testcase name="authorityMenu_detailMenu_menuOrder" classname="authMng_Selenide" time="2.083"/>
  <testcase name="authorityMenu_detailMenu_edit" classname="authMng_Selenide" time="2.779"/>
  <testcase name="authorityMenu_detailMenu_edit" classname="authMng_Selenide" time="2.302"/>
  <testcase name="authorityMenu_detailMenu_del" classname="authMng_Selenide" time="1.855"/>
  <testcase name="authorityMenu_detailMenu_del" classname="authMng_Selenide" time="0.991"/>
  <testcase name="authorityGroupMng_Menu" classname="authMng_Selenide" time="8.507"/>
  <testcase name="authorityGroupMng_Menu" classname="authMng_Selenide" time="4.409"/>
  <testcase name="authorityGroupMng_Member" classname="authMng_Selenide" time="4.383"/>
  <testcase name="authorityGroupMng_Member" classname="authMng_Selenide" time="1.509"/>
  <testcase name="groupListByAdmin" classname="authMng_Selenide" time="2.857"/>
  <testcase name="groupListByAdmin" classname="authMng_Selenide" time="2.08"/>
  <testcase name="ctActionLog" classname="authMng_Selenide" time="19.148"/>
  <testcase name="ctActionLog" classname="authMng_Selenide" time="23.634"/>
  <testcase name="ctMember_addMember_add" classname="authMng_Selenide" time="3.642"/>
  <testcase name="ctMember_addMember_add" classname="authMng_Selenide" time="3.22"/>
  <testcase name="ctMember_addMember_edit" classname="authMng_Selenide" time="2.555"/>
  <testcase name="ctMember_addMember_edit" classname="authMng_Selenide" time="2.363"/>
  <testcase name="ctMember_addMember_resetPW_del" classname="authMng_Selenide" time="3.94"/>
  <testcase name="ctMember_addMember_resetPW_del" classname="authMng_Selenide" time="2.32"/>
  <testcase name="Login" classname="gameAccountMng_Selenide" time="3.79"/>
  <testcase name="Login" classname="gameAccountMng_Selenide" time="3.871"/>
  <testcase name="accountSearch" classname="gameAccountMng_Selenide" time="7.502"/>
  <testcase name="accountSearch" classname="gameAccountMng_Selenide" time="8.063"/>
  <testcase name="accountBlock" classname="gameAccountMng_Selenide" time="44.826"/>
  <testcase name="accountBlock" classname="gameAccountMng_Selenide" time="25.032"/>
  <testcase name="Login" classname="gameMng_Selenide" time="3.689"/>
  <testcase name="Login" classname="gameMng_Selenide" time="2.754"/>
  <testcase name="systemMessage" classname="gameMng_Selenide" time="17.079"/>
  <testcase name="systemMessage" classname="gameMng_Selenide" time="9.449"/>
  <testcase name="ingameNotice_add" classname="gameMng_Selenide" time="7.319"/>
  <testcase name="ingameNotice_add" classname="gameMng_Selenide" time="6.577"/>
  <testcase name="ingameNotice_statusChange" classname="gameMng_Selenide" time="9.196"/>
  <testcase name="ingameNotice_statusChange" classname="gameMng_Selenide" time="6.863"/>
  <testcase name="semdMail" classname="gameMng_Selenide" time="7.352"/>
  <testcase name="semdMail" classname="gameMng_Selenide" time="7.545"/>
  <testcase name="kickUser" classname="gameMng_Selenide" time="3.249"/>
  <testcase name="kickUser" classname="gameMng_Selenide" time="2.012"/>
  <testcase name="mailout" classname="gameMng_Selenide" time="2.511"/>
  <testcase name="mailout" classname="gameMng_Selenide" time="1.964"/>
  <testcase name="burningEvent" classname="gameMng_Selenide" time="10.349"/>
  <testcase name="burningEvent" classname="gameMng_Selenide" time="5.772"/>
  <testcase name="serverStatus" classname="gameMng_Selenide" time="12.017"/>
  <testcase name="serverStatus" classname="gameMng_Selenide" time="8.106"/>
  <testcase name="limitDrop" classname="gameMng_Selenide" time="9.168"/>
  <testcase name="limitDrop" classname="gameMng_Selenide" time="4.366"/>
  <testcase name="ingameGuide" classname="gameMng_Selenide" time="11.076"/>
  <testcase name="ingameGuide" classname="gameMng_Selenide" time="7.671"/>
  <testcase name="onlineUser" classname="gameMng_Selenide" time="2.164"/>
  <testcase name="onlineUser" classname="gameMng_Selenide" time="1.852"/>
  <testcase name="slangWord" classname="gameMng_Selenide" time="20.117"/>
  <testcase name="slangWord" classname="gameMng_Selenide" time="19.636"/>
  <testcase name="pvpSchedule" classname="gameMng_Selenide" time="10.065">
    <failure message="Element not found {.uid_ok_btn}&#10;Expected: visible" type="com.codeborne.selenide.ex.ElementNotFound">com.codeborne.selenide.ex.ElementNotFound: 
Element not found {.uid_ok_btn}
Expected: visible
	at gameMng_Selenide.pvpSchedule(gameMng_Selenide.java:362)
Caused by: org.openqa.selenium.NoSuchElementException: 
Unable to locate element: .uid_ok_btn
For documentation on this error, please visit: http://seleniumhq.org/exceptions/no_such_element.html
Build info: version: '3.4.0', revision: 'unknown', time: 'unknown'
System info: host: 'APZZ0928-PC', ip: '10.10.105.228', os.name: 'Windows 10', os.arch: 'amd64', os.version: '10.0', java.version: '1.8.0_141'
Driver info: org.openqa.selenium.firefox.FirefoxDriver
Capabilities [{moz:profile=C:\Users\ADMINI~1\AppData\Local\Temp\rust_mozprofile.q1jwW5JLbHNY, rotatable=false, timeouts={implicit=0.0, pageLoad=300000.0, script=30000.0}, pageLoadStrategy=normal, platform=ANY, specificationLevel=0.0, moz:accessibilityChecks=false, acceptInsecureCerts=true, browserVersion=55.0.3, platformVersion=10.0, moz:processID=20148.0, browserName=firefox, javascriptEnabled=true, platformName=windows_nt}]
Session ID: 3e99850a-dcba-4b63-9c03-2fdeb0ef1c5d
*** Element info: {Using=css selector, value=.uid_ok_btn}
Command duration or timeout: 627 milliseconds
	at gameMng_Selenide.pvpSchedule(gameMng_Selenide.java:362)
Caused by: org.openqa.selenium.remote.ScreenshotException: Screen shot has been taken
	at gameMng_Selenide.pvpSchedule(gameMng_Selenide.java:362)
Caused by: org.openqa.selenium.NoSuchElementException: 
Unable to locate element: .uid_ok_btn
For documentation on this error, please visit: http://seleniumhq.org/exceptions/no_such_element.html
Build info: version: '3.4.0', revision: 'unknown', time: 'unknown'
System info: host: 'APZZ0928-PC', ip: '10.10.105.228', os.name: 'Windows 10', os.arch: 'amd64', os.version: '10.0', java.version: '1.8.0_141'
Driver info: org.openqa.selenium.firefox.FirefoxDriver
Capabilities [{moz:profile=C:\Users\ADMINI~1\AppData\Local\Temp\rust_mozprofile.q1jwW5JLbHNY, rotatable=false, timeouts={implicit=0.0, pageLoad=300000.0, script=30000.0}, pageLoadStrategy=normal, platform=ANY, specificationLevel=0.0, moz:accessibilityChecks=false, acceptInsecureCerts=true, browserVersion=55.0.3, platformVersion=10.0, moz:processID=20148.0, browserName=firefox, javascriptEnabled=true, platformName=windows_nt}]
Session ID: 3e99850a-dcba-4b63-9c03-2fdeb0ef1c5d
*** Element info: {Using=css selector, value=.uid_ok_btn}
For documentation on this error, please visit: http://seleniumhq.org/exceptions/no_such_element.html
Build info: version: '3.4.0', revision: 'unknown', time: 'unknown'
System info: host: 'APZZ0928-PC', ip: '10.10.105.228', os.name: 'Windows 10', os.arch: 'amd64', os.version: '10.0', java.version: '1.8.0_131'
Driver info: driver.version: EventFiringWebDriver
</failure>
  </testcase>
  <testcase name="pvpSchedule" classname="gameMng_Selenide" time="10.867">
    <failure message="Element not found {.uid_schedule_sync_btn}&#10;Expected: exist" type="com.codeborne.selenide.ex.ElementNotFound"><![CDATA[com.codeborne.selenide.ex.ElementNotFound: 
Element not found {.uid_schedule_sync_btn}
Expected: exist
	at gameMng_Selenide.pvpSchedule(gameMng_Selenide.java:358)
Caused by: org.openqa.selenium.WebDriverException: 
unknown error: Element <div class="ac_ctrl am_btn uid_schedule_sync_btn au_auto at_skin_d" acctrlid="acCtrlButton" acctrlindex="0">...</div> is not clickable at point (1468, 1190). Other element would receive the click: <i class="ac_container_message_modal"></i>
  (Session info: chrome=61.0.3163.100)
  (Driver info: chromedriver=2.29.461591 (62ebf098771772160f391d75e589dc567915b233),platform=Windows NT 10.0.15063 x86_64) (WARNING: The server did not provide any stacktrace information)
Command duration or timeout: 517 milliseconds
Build info: version: '3.4.0', revision: 'unknown', time: 'unknown'
System info: host: 'APZZ0928-PC', ip: '10.10.105.228', os.name: 'Windows 10', os.arch: 'amd64', os.version: '10.0', java.version: '1.8.0_141'
Driver info: org.openqa.selenium.chrome.ChromeDriver
Capabilities [{applicationCacheEnabled=false, rotatable=false, mobileEmulationEnabled=false, networkConnectionEnabled=false, chrome={chromedriverVersion=2.29.461591 (62ebf098771772160f391d75e589dc567915b233), userDataDir=C:\Users\ADMINI~1\AppData\Local\Temp\scoped_dir21100_27058}, takesHeapSnapshot=true, pageLoadStrategy=normal, databaseEnabled=false, handlesAlerts=true, hasTouchScreen=false, version=61.0.3163.100, platform=XP, browserConnectionEnabled=false, nativeEvents=true, acceptSslCerts=true, locationContextEnabled=true, webStorageEnabled=true, browserName=chrome, takesScreenshot=true, javascriptEnabled=true, cssSelectorsEnabled=true, unexpectedAlertBehaviour=}]
Session ID: 97c2b6219cc30b4e137a8f65d92022db
Command duration or timeout: 951 milliseconds
	at gameMng_Selenide.pvpSchedule(gameMng_Selenide.java:358)
Caused by: org.openqa.selenium.remote.ScreenshotException: Screen shot has been taken
	at gameMng_Selenide.pvpSchedule(gameMng_Selenide.java:358)
Caused by: org.openqa.selenium.WebDriverException: 
unknown error: Element <div class="ac_ctrl am_btn uid_schedule_sync_btn au_auto at_skin_d" acctrlid="acCtrlButton" acctrlindex="0">...</div> is not clickable at point (1468, 1190). Other element would receive the click: <i class="ac_container_message_modal"></i>
  (Session info: chrome=61.0.3163.100)
  (Driver info: chromedriver=2.29.461591 (62ebf098771772160f391d75e589dc567915b233),platform=Windows NT 10.0.15063 x86_64) (WARNING: The server did not provide any stacktrace information)
Command duration or timeout: 517 milliseconds
Build info: version: '3.4.0', revision: 'unknown', time: 'unknown'
System info: host: 'APZZ0928-PC', ip: '10.10.105.228', os.name: 'Windows 10', os.arch: 'amd64', os.version: '10.0', java.version: '1.8.0_141'
Driver info: org.openqa.selenium.chrome.ChromeDriver
Capabilities [{applicationCacheEnabled=false, rotatable=false, mobileEmulationEnabled=false, networkConnectionEnabled=false, chrome={chromedriverVersion=2.29.461591 (62ebf098771772160f391d75e589dc567915b233), userDataDir=C:\Users\ADMINI~1\AppData\Local\Temp\scoped_dir21100_27058}, takesHeapSnapshot=true, pageLoadStrategy=normal, databaseEnabled=false, handlesAlerts=true, hasTouchScreen=false, version=61.0.3163.100, platform=XP, browserConnectionEnabled=false, nativeEvents=true, acceptSslCerts=true, locationContextEnabled=true, webStorageEnabled=true, browserName=chrome, takesScreenshot=true, javascriptEnabled=true, cssSelectorsEnabled=true, unexpectedAlertBehaviour=}]
Session ID: 97c2b6219cc30b4e137a8f65d92022db
Build info: version: '3.4.0', revision: 'unknown', time: 'unknown'
System info: host: 'APZZ0928-PC', ip: '10.10.105.228', os.name: 'Windows 10', os.arch: 'amd64', os.version: '10.0', java.version: '1.8.0_131'
Driver info: driver.version: RemoteWebDriver
]]></failure>
  </testcase>
</testsuite>