<?xml version="1.0" encoding="UTF-8"?>
<testsuite xmlns:xsi="http://www.w3.org/2001/XMLSchema-instance" xsi:noNamespaceSchemaLocation="https://maven.apache.org/surefire/maven-surefire-plugin/xsd/surefire-test-report.xsd" name="TestSuite" time="559.361" tests="62" errors="0" skipped="0" failures="1">
  <properties>
[...]
</properties>
  <testcase name="Login" classname="authMng_Selenide" time="4.119"/>
  <testcase name="Login" classname="authMng_Selenide" time="2.826"/>
  <testcase name="authorityMenu_groupOrder" classname="authMng_Selenide" time="6.037"/>
  <testcase name="authorityMenu_groupOrder" classname="authMng_Selenide" time="5.203"/>
  <testcase name="authorityMenu_keywordSearch" classname="authMng_Selenide" time="0.841"/>
  <testcase name="authorityMenu_keywordSearch" classname="authMng_Selenide" time="0.407"/>
  <testcase name="authorityMenu_detailMenu_add" classname="authMng_Selenide" time="3.067"/>
  <testcase name="authorityMenu_detailMenu_add" classname="authMng_Selenide" time="2.578"/>
  <testcase name="authorityMenu_detailMenu_menuOrder" classname="authMng_Selenide" time="3.67"/>
  <testcase name="authorityMenu_detailMenu_menuOrder" classname="authMng_Selenide" time="2.352"/>
  <testcase name="authorityMenu_detailMenu_edit" classname="authMng_Selenide" time="2.773"/>
  <testcase name="authorityMenu_detailMenu_edit" classname="authMng_Selenide" time="2.74"/>
  <testcase name="authorityMenu_detailMenu_del" classname="authMng_Selenide" time="1.757"/>
  <testcase name="authorityMenu_detailMenu_del" classname="authMng_Selenide" time="1.023"/>
  <testcase name="authorityGroupMng_Menu" classname="authMng_Selenide" time="7.877"/>
  <testcase name="authorityGroupMng_Menu" classname="authMng_Selenide" time="5.264"/>
  <testcase name="authorityGroupMng_Member" classname="authMng_Selenide" time="4.148"/>
  <testcase name="authorityGroupMng_Member" classname="authMng_Selenide" time="1.556"/>
  <testcase name="groupListByAdmin" classname="authMng_Selenide" time="8.972"/>
  <testcase name="groupListByAdmin" classname="authMng_Selenide" time="2.085"/>
  <testcase name="ctActionLog" classname="authMng_Selenide" time="61.343">
    <failure message="Element not found {.uid_ctactionlog_parameter}&#10;Expected: visible" type="com.codeborne.selenide.ex.ElementNotFound">com.codeborne.selenide.ex.ElementNotFound: 
Element not found {.uid_ctactionlog_parameter}
Expected: visible
	at authMng_Selenide.ctActionLog(authMng_Selenide.java:210)
Caused by: org.openqa.selenium.NoSuchElementException: 
Unable to locate element: .uid_ctactionlog_parameter
For documentation on this error, please visit: http://seleniumhq.org/exceptions/no_such_element.html
Build info: version: '3.4.0', revision: 'unknown', time: 'unknown'
System info: host: 'APZZ0928-PC', ip: '10.10.105.228', os.name: 'Windows 10', os.arch: 'amd64', os.version: '10.0', java.version: '1.8.0_151'
Driver info: org.openqa.selenium.firefox.FirefoxDriver
Capabilities [{moz:profile=C:\Users\Administrator\AppData\Local\Temp\rust_mozprofile.2zXLGlqirgJT, rotatable=false, timeouts={implicit=0.0, pageLoad=300000.0, script=30000.0}, pageLoadStrategy=normal, moz:headless=false, platform=ANY, specificationLevel=0.0, moz:accessibilityChecks=false, acceptInsecureCerts=true, browserVersion=56.0, platformVersion=10.0, moz:processID=19252.0, browserName=firefox, javascriptEnabled=true, platformName=windows_nt}]
Session ID: 7e312d51-54de-42bd-8c13-b845535dec37
*** Element info: {Using=css selector, value=.uid_ctactionlog_parameter}
Command duration or timeout: 0 milliseconds
	at authMng_Selenide.ctActionLog(authMng_Selenide.java:210)
Caused by: org.openqa.selenium.remote.ScreenshotException: Screen shot has been taken
	at authMng_Selenide.ctActionLog(authMng_Selenide.java:210)
Caused by: org.openqa.selenium.NoSuchElementException: 
Unable to locate element: .uid_ctactionlog_parameter
For documentation on this error, please visit: http://seleniumhq.org/exceptions/no_such_element.html
Build info: version: '3.4.0', revision: 'unknown', time: 'unknown'
System info: host: 'APZZ0928-PC', ip: '10.10.105.228', os.name: 'Windows 10', os.arch: 'amd64', os.version: '10.0', java.version: '1.8.0_151'
Driver info: org.openqa.selenium.firefox.FirefoxDriver
Capabilities [{moz:profile=C:\Users\Administrator\AppData\Local\Temp\rust_mozprofile.2zXLGlqirgJT, rotatable=false, timeouts={implicit=0.0, pageLoad=300000.0, script=30000.0}, pageLoadStrategy=normal, moz:headless=false, platform=ANY, specificationLevel=0.0, moz:accessibilityChecks=false, acceptInsecureCerts=true, browserVersion=56.0, platformVersion=10.0, moz:processID=19252.0, browserName=firefox, javascriptEnabled=true, platformName=windows_nt}]
Session ID: 7e312d51-54de-42bd-8c13-b845535dec37
*** Element info: {Using=css selector, value=.uid_ctactionlog_parameter}
For documentation on this error, please visit: http://seleniumhq.org/exceptions/no_such_element.html
Build info: version: '3.5.3', revision: 'a88d25fe6b', time: '2017-08-29T12:42:44.417Z'
System info: host: 'APZZ0928-PC', ip: '10.10.105.228', os.name: 'Windows 10', os.arch: 'amd64', os.version: '10.0', java.version: '1.8.0_131'
Driver info: driver.version: EventFiringWebDriver
</failure>
  </testcase>
  <testcase name="ctActionLog" classname="authMng_Selenide" time="53.915"/>
  <testcase name="ctMember_addMember_add" classname="authMng_Selenide" time="3.376"/>
  <testcase name="ctMember_addMember_add" classname="authMng_Selenide" time="3.205"/>
  <testcase name="ctMember_addMember_edit" classname="authMng_Selenide" time="2.61"/>
  <testcase name="ctMember_addMember_edit" classname="authMng_Selenide" time="2.453"/>
  <testcase name="ctMember_addMember_resetPW_del" classname="authMng_Selenide" time="3.708"/>
  <testcase name="ctMember_addMember_resetPW_del" classname="authMng_Selenide" time="2.153"/>
  <testcase name="Login" classname="gameAccountMng_Selenide" time="3.659"/>
  <testcase name="Login" classname="gameAccountMng_Selenide" time="3.193"/>
  <testcase name="accountSearch" classname="gameAccountMng_Selenide" time="6.948"/>
  <testcase name="accountSearch" classname="gameAccountMng_Selenide" time="6.508"/>
  <testcase name="accountBlock" classname="gameAccountMng_Selenide" time="38.467"/>
  <testcase name="accountBlock" classname="gameAccountMng_Selenide" time="25.772"/>
  <testcase name="Login" classname="gameMng_Selenide" time="4.065"/>
  <testcase name="Login" classname="gameMng_Selenide" time="2.838"/>
  <testcase name="systemMessage" classname="gameMng_Selenide" time="15.91"/>
  <testcase name="systemMessage" classname="gameMng_Selenide" time="11.812"/>
  <testcase name="ingameNotice_add" classname="gameMng_Selenide" time="7.378"/>
  <testcase name="ingameNotice_add" classname="gameMng_Selenide" time="6.369"/>
  <testcase name="ingameNotice_statusChange" classname="gameMng_Selenide" time="8.684"/>
  <testcase name="ingameNotice_statusChange" classname="gameMng_Selenide" time="6.245"/>
  <testcase name="semdMail" classname="gameMng_Selenide" time="7.634"/>
  <testcase name="semdMail" classname="gameMng_Selenide" time="8.245"/>
  <testcase name="kickUser" classname="gameMng_Selenide" time="3.426"/>
  <testcase name="kickUser" classname="gameMng_Selenide" time="2.303"/>
  <testcase name="mailout" classname="gameMng_Selenide" time="2.648"/>
  <testcase name="mailout" classname="gameMng_Selenide" time="1.948"/>
  <testcase name="burningEvent" classname="gameMng_Selenide" time="10.266"/>
  <testcase name="burningEvent" classname="gameMng_Selenide" time="6.023"/>
  <testcase name="serverStatus" classname="gameMng_Selenide" time="11.437"/>
  <testcase name="serverStatus" classname="gameMng_Selenide" time="8.427"/>
  <testcase name="limitDrop" classname="gameMng_Selenide" time="11.171"/>
  <testcase name="limitDrop" classname="gameMng_Selenide" time="7.482"/>
  <testcase name="ingameGuide" classname="gameMng_Selenide" time="9.967"/>
  <testcase name="ingameGuide" classname="gameMng_Selenide" time="8.161"/>
  <testcase name="onlineUser" classname="gameMng_Selenide" time="3.955"/>
  <testcase name="onlineUser" classname="gameMng_Selenide" time="1.842"/>
  <testcase name="slangWord" classname="gameMng_Selenide" time="20.265"/>
  <testcase name="slangWord" classname="gameMng_Selenide" time="19.533"/>
  <testcase name="pvpSchedule" classname="gameMng_Selenide" time="13.62"/>
  <testcase name="pvpSchedule" classname="gameMng_Selenide" time="13.5"/>
</testsuite>