<?xml version="1.0" encoding="UTF-8"?>
<testsuite xmlns:xsi="http://www.w3.org/2001/XMLSchema-instance" xsi:noNamespaceSchemaLocation="https://maven.apache.org/surefire/maven-surefire-plugin/xsd/surefire-test-report.xsd" name="TestSuite" time="834.901" tests="62" errors="0" skipped="0" failures="7">
  <properties>
[...]
</properties>
  <testcase name="Login" classname="authMng_Selenide" time="4.593"/>
  <testcase name="Login" classname="authMng_Selenide" time="8.483"/>
  <testcase name="authorityMenu_groupOrder" classname="authMng_Selenide" time="6.606"/>
  <testcase name="authorityMenu_groupOrder" classname="authMng_Selenide" time="25.381"/>
  <testcase name="authorityMenu_keywordSearch" classname="authMng_Selenide" time="0.782"/>
  <testcase name="authorityMenu_keywordSearch" classname="authMng_Selenide" time="10.396"/>
  <testcase name="authorityMenu_detailMenu_add" classname="authMng_Selenide" time="3.534"/>
  <testcase name="authorityMenu_detailMenu_add" classname="authMng_Selenide" time="22.678"/>
  <testcase name="authorityMenu_detailMenu_menuOrder" classname="authMng_Selenide" time="3.857"/>
  <testcase name="authorityMenu_detailMenu_menuOrder" classname="authMng_Selenide" time="10.972">
    <failure message="Element not found {.uid_ok_btn}&#10;Expected: exist" type="com.codeborne.selenide.ex.ElementNotFound">com.codeborne.selenide.ex.ElementNotFound: 
Element not found {.uid_ok_btn}
Expected: exist
	at authMng_Selenide.authorityMenu_detailMenu_menuOrder(authMng_Selenide.java:125)
Caused by: org.openqa.selenium.NoSuchElementException: 
no such element: Unable to locate element: {"method":"css selector","selector":".uid_ok_btn"}
  (Session info: chrome=61.0.3163.100)
  (Driver info: chromedriver=2.29.461591 (62ebf098771772160f391d75e589dc567915b233),platform=Windows NT 10.0.15063 x86_64) (WARNING: The server did not provide any stacktrace information)
Command duration or timeout: 9 milliseconds
For documentation on this error, please visit: http://seleniumhq.org/exceptions/no_such_element.html
Build info: version: '3.4.0', revision: 'unknown', time: 'unknown'
System info: host: 'APZZ0928-PC', ip: '10.10.105.228', os.name: 'Windows 10', os.arch: 'amd64', os.version: '10.0', java.version: '1.8.0_141'
Driver info: org.openqa.selenium.chrome.ChromeDriver
Capabilities [{applicationCacheEnabled=false, rotatable=false, mobileEmulationEnabled=false, networkConnectionEnabled=false, chrome={chromedriverVersion=2.29.461591 (62ebf098771772160f391d75e589dc567915b233), userDataDir=C:\Users\ADMINI~1\AppData\Local\Temp\scoped_dir20572_14660}, takesHeapSnapshot=true, pageLoadStrategy=normal, databaseEnabled=false, handlesAlerts=true, hasTouchScreen=false, version=61.0.3163.100, platform=XP, browserConnectionEnabled=false, nativeEvents=true, acceptSslCerts=true, locationContextEnabled=true, webStorageEnabled=true, browserName=chrome, takesScreenshot=true, javascriptEnabled=true, cssSelectorsEnabled=true, unexpectedAlertBehaviour=}]
Session ID: 345ff3158b0b6c9e2446285b5c510bbc
*** Element info: {Using=css selector, value=.uid_ok_btn}
Command duration or timeout: 0 milliseconds
	at authMng_Selenide.authorityMenu_detailMenu_menuOrder(authMng_Selenide.java:125)
Caused by: org.openqa.selenium.remote.ScreenshotException: Screen shot has been taken
	at authMng_Selenide.authorityMenu_detailMenu_menuOrder(authMng_Selenide.java:125)
Caused by: org.openqa.selenium.NoSuchElementException: 
no such element: Unable to locate element: {"method":"css selector","selector":".uid_ok_btn"}
  (Session info: chrome=61.0.3163.100)
  (Driver info: chromedriver=2.29.461591 (62ebf098771772160f391d75e589dc567915b233),platform=Windows NT 10.0.15063 x86_64) (WARNING: The server did not provide any stacktrace information)
Command duration or timeout: 9 milliseconds
For documentation on this error, please visit: http://seleniumhq.org/exceptions/no_such_element.html
Build info: version: '3.4.0', revision: 'unknown', time: 'unknown'
System info: host: 'APZZ0928-PC', ip: '10.10.105.228', os.name: 'Windows 10', os.arch: 'amd64', os.version: '10.0', java.version: '1.8.0_141'
Driver info: org.openqa.selenium.chrome.ChromeDriver
Capabilities [{applicationCacheEnabled=false, rotatable=false, mobileEmulationEnabled=false, networkConnectionEnabled=false, chrome={chromedriverVersion=2.29.461591 (62ebf098771772160f391d75e589dc567915b233), userDataDir=C:\Users\ADMINI~1\AppData\Local\Temp\scoped_dir20572_14660}, takesHeapSnapshot=true, pageLoadStrategy=normal, databaseEnabled=false, handlesAlerts=true, hasTouchScreen=false, version=61.0.3163.100, platform=XP, browserConnectionEnabled=false, nativeEvents=true, acceptSslCerts=true, locationContextEnabled=true, webStorageEnabled=true, browserName=chrome, takesScreenshot=true, javascriptEnabled=true, cssSelectorsEnabled=true, unexpectedAlertBehaviour=}]
Session ID: 345ff3158b0b6c9e2446285b5c510bbc
*** Element info: {Using=css selector, value=.uid_ok_btn}
For documentation on this error, please visit: http://seleniumhq.org/exceptions/no_such_element.html
Build info: version: '3.5.3', revision: 'a88d25fe6b', time: '2017-08-29T12:42:44.417Z'
System info: host: 'APZZ0928-PC', ip: '10.10.105.228', os.name: 'Windows 10', os.arch: 'amd64', os.version: '10.0', java.version: '1.8.0_131'
Driver info: driver.version: EventFiringWebDriver
</failure>
  </testcase>
  <testcase name="authorityMenu_detailMenu_edit" classname="authMng_Selenide" time="2.895"/>
  <testcase name="authorityMenu_detailMenu_edit" classname="authMng_Selenide" time="7.63"/>
  <testcase name="authorityMenu_detailMenu_del" classname="authMng_Selenide" time="1.908"/>
  <testcase name="authorityMenu_detailMenu_del" classname="authMng_Selenide" time="16.17"/>
  <testcase name="authorityGroupMng_Menu" classname="authMng_Selenide" time="9.286"/>
  <testcase name="authorityGroupMng_Menu" classname="authMng_Selenide" time="11.688">
    <failure message="Element not found {.uid_authgroup_menu_add_btn}&#10;Expected: visible" type="com.codeborne.selenide.ex.ElementNotFound">com.codeborne.selenide.ex.ElementNotFound: 
Element not found {.uid_authgroup_menu_add_btn}
Expected: visible
	at authMng_Selenide.authorityGroupMng_Menu(authMng_Selenide.java:161)
Caused by: org.openqa.selenium.NoSuchElementException: 
no such element: Unable to locate element: {"method":"css selector","selector":".uid_authgroup_menu_add_btn"}
  (Session info: chrome=61.0.3163.100)
  (Driver info: chromedriver=2.29.461591 (62ebf098771772160f391d75e589dc567915b233),platform=Windows NT 10.0.15063 x86_64) (WARNING: The server did not provide any stacktrace information)
Command duration or timeout: 7 milliseconds
For documentation on this error, please visit: http://seleniumhq.org/exceptions/no_such_element.html
Build info: version: '3.4.0', revision: 'unknown', time: 'unknown'
System info: host: 'APZZ0928-PC', ip: '10.10.105.228', os.name: 'Windows 10', os.arch: 'amd64', os.version: '10.0', java.version: '1.8.0_141'
Driver info: org.openqa.selenium.chrome.ChromeDriver
Capabilities [{applicationCacheEnabled=false, rotatable=false, mobileEmulationEnabled=false, networkConnectionEnabled=false, chrome={chromedriverVersion=2.29.461591 (62ebf098771772160f391d75e589dc567915b233), userDataDir=C:\Users\ADMINI~1\AppData\Local\Temp\scoped_dir20572_14660}, takesHeapSnapshot=true, pageLoadStrategy=normal, databaseEnabled=false, handlesAlerts=true, hasTouchScreen=false, version=61.0.3163.100, platform=XP, browserConnectionEnabled=false, nativeEvents=true, acceptSslCerts=true, locationContextEnabled=true, webStorageEnabled=true, browserName=chrome, takesScreenshot=true, javascriptEnabled=true, cssSelectorsEnabled=true, unexpectedAlertBehaviour=}]
Session ID: 345ff3158b0b6c9e2446285b5c510bbc
*** Element info: {Using=css selector, value=.uid_authgroup_menu_add_btn}
Command duration or timeout: 0 milliseconds
	at authMng_Selenide.authorityGroupMng_Menu(authMng_Selenide.java:161)
Caused by: org.openqa.selenium.remote.ScreenshotException: Screen shot has been taken
	at authMng_Selenide.authorityGroupMng_Menu(authMng_Selenide.java:161)
Caused by: org.openqa.selenium.NoSuchElementException: 
no such element: Unable to locate element: {"method":"css selector","selector":".uid_authgroup_menu_add_btn"}
  (Session info: chrome=61.0.3163.100)
  (Driver info: chromedriver=2.29.461591 (62ebf098771772160f391d75e589dc567915b233),platform=Windows NT 10.0.15063 x86_64) (WARNING: The server did not provide any stacktrace information)
Command duration or timeout: 7 milliseconds
For documentation on this error, please visit: http://seleniumhq.org/exceptions/no_such_element.html
Build info: version: '3.4.0', revision: 'unknown', time: 'unknown'
System info: host: 'APZZ0928-PC', ip: '10.10.105.228', os.name: 'Windows 10', os.arch: 'amd64', os.version: '10.0', java.version: '1.8.0_141'
Driver info: org.openqa.selenium.chrome.ChromeDriver
Capabilities [{applicationCacheEnabled=false, rotatable=false, mobileEmulationEnabled=false, networkConnectionEnabled=false, chrome={chromedriverVersion=2.29.461591 (62ebf098771772160f391d75e589dc567915b233), userDataDir=C:\Users\ADMINI~1\AppData\Local\Temp\scoped_dir20572_14660}, takesHeapSnapshot=true, pageLoadStrategy=normal, databaseEnabled=false, handlesAlerts=true, hasTouchScreen=false, version=61.0.3163.100, platform=XP, browserConnectionEnabled=false, nativeEvents=true, acceptSslCerts=true, locationContextEnabled=true, webStorageEnabled=true, browserName=chrome, takesScreenshot=true, javascriptEnabled=true, cssSelectorsEnabled=true, unexpectedAlertBehaviour=}]
Session ID: 345ff3158b0b6c9e2446285b5c510bbc
*** Element info: {Using=css selector, value=.uid_authgroup_menu_add_btn}
For documentation on this error, please visit: http://seleniumhq.org/exceptions/no_such_element.html
Build info: version: '3.5.3', revision: 'a88d25fe6b', time: '2017-08-29T12:42:44.417Z'
System info: host: 'APZZ0928-PC', ip: '10.10.105.228', os.name: 'Windows 10', os.arch: 'amd64', os.version: '10.0', java.version: '1.8.0_131'
Driver info: driver.version: EventFiringWebDriver
</failure>
  </testcase>
  <testcase name="authorityGroupMng_Member" classname="authMng_Selenide" time="4.796"/>
  <testcase name="authorityGroupMng_Member" classname="authMng_Selenide" time="5.564">
    <failure message="Element not found {.ac_toggle_btn[2]}&#10;Expected: exist" type="com.codeborne.selenide.ex.ElementNotFound">com.codeborne.selenide.ex.ElementNotFound: 
Element not found {.ac_toggle_btn[2]}
Expected: exist
	at authMng_Selenide.authorityGroupMng_Member(authMng_Selenide.java:172)
Caused by: java.lang.IndexOutOfBoundsException: Index: 2, Size: 2
	at authMng_Selenide.authorityGroupMng_Member(authMng_Selenide.java:172)
</failure>
  </testcase>
  <testcase name="groupListByAdmin" classname="authMng_Selenide" time="4.336"/>
  <testcase name="groupListByAdmin" classname="authMng_Selenide" time="11.835">
    <failure message="Element not found {li[data-key=&apos;apzz0928(LDAP)&apos;]}&#10;Expected: visible" type="com.codeborne.selenide.ex.ElementNotFound">com.codeborne.selenide.ex.ElementNotFound: 
Element not found {li[data-key='apzz0928(LDAP)']}
Expected: visible
	at authMng_Selenide.groupListByAdmin(authMng_Selenide.java:192)
Caused by: org.openqa.selenium.NoSuchElementException: 
no such element: Unable to locate element: {"method":"css selector","selector":"li[data-key='apzz0928(LDAP)']"}
  (Session info: chrome=61.0.3163.100)
  (Driver info: chromedriver=2.29.461591 (62ebf098771772160f391d75e589dc567915b233),platform=Windows NT 10.0.15063 x86_64) (WARNING: The server did not provide any stacktrace information)
Command duration or timeout: 7 milliseconds
For documentation on this error, please visit: http://seleniumhq.org/exceptions/no_such_element.html
Build info: version: '3.4.0', revision: 'unknown', time: 'unknown'
System info: host: 'APZZ0928-PC', ip: '10.10.105.228', os.name: 'Windows 10', os.arch: 'amd64', os.version: '10.0', java.version: '1.8.0_141'
Driver info: org.openqa.selenium.chrome.ChromeDriver
Capabilities [{applicationCacheEnabled=false, rotatable=false, mobileEmulationEnabled=false, networkConnectionEnabled=false, chrome={chromedriverVersion=2.29.461591 (62ebf098771772160f391d75e589dc567915b233), userDataDir=C:\Users\ADMINI~1\AppData\Local\Temp\scoped_dir20572_14660}, takesHeapSnapshot=true, pageLoadStrategy=normal, databaseEnabled=false, handlesAlerts=true, hasTouchScreen=false, version=61.0.3163.100, platform=XP, browserConnectionEnabled=false, nativeEvents=true, acceptSslCerts=true, locationContextEnabled=true, webStorageEnabled=true, browserName=chrome, takesScreenshot=true, javascriptEnabled=true, cssSelectorsEnabled=true, unexpectedAlertBehaviour=}]
Session ID: 345ff3158b0b6c9e2446285b5c510bbc
*** Element info: {Using=css selector, value=li[data-key='apzz0928(LDAP)']}
Command duration or timeout: 0 milliseconds
	at authMng_Selenide.groupListByAdmin(authMng_Selenide.java:192)
Caused by: org.openqa.selenium.remote.ScreenshotException: Screen shot has been taken
	at authMng_Selenide.groupListByAdmin(authMng_Selenide.java:192)
Caused by: org.openqa.selenium.NoSuchElementException: 
no such element: Unable to locate element: {"method":"css selector","selector":"li[data-key='apzz0928(LDAP)']"}
  (Session info: chrome=61.0.3163.100)
  (Driver info: chromedriver=2.29.461591 (62ebf098771772160f391d75e589dc567915b233),platform=Windows NT 10.0.15063 x86_64) (WARNING: The server did not provide any stacktrace information)
Command duration or timeout: 7 milliseconds
For documentation on this error, please visit: http://seleniumhq.org/exceptions/no_such_element.html
Build info: version: '3.4.0', revision: 'unknown', time: 'unknown'
System info: host: 'APZZ0928-PC', ip: '10.10.105.228', os.name: 'Windows 10', os.arch: 'amd64', os.version: '10.0', java.version: '1.8.0_141'
Driver info: org.openqa.selenium.chrome.ChromeDriver
Capabilities [{applicationCacheEnabled=false, rotatable=false, mobileEmulationEnabled=false, networkConnectionEnabled=false, chrome={chromedriverVersion=2.29.461591 (62ebf098771772160f391d75e589dc567915b233), userDataDir=C:\Users\ADMINI~1\AppData\Local\Temp\scoped_dir20572_14660}, takesHeapSnapshot=true, pageLoadStrategy=normal, databaseEnabled=false, handlesAlerts=true, hasTouchScreen=false, version=61.0.3163.100, platform=XP, browserConnectionEnabled=false, nativeEvents=true, acceptSslCerts=true, locationContextEnabled=true, webStorageEnabled=true, browserName=chrome, takesScreenshot=true, javascriptEnabled=true, cssSelectorsEnabled=true, unexpectedAlertBehaviour=}]
Session ID: 345ff3158b0b6c9e2446285b5c510bbc
*** Element info: {Using=css selector, value=li[data-key='apzz0928(LDAP)']}
For documentation on this error, please visit: http://seleniumhq.org/exceptions/no_such_element.html
Build info: version: '3.5.3', revision: 'a88d25fe6b', time: '2017-08-29T12:42:44.417Z'
System info: host: 'APZZ0928-PC', ip: '10.10.105.228', os.name: 'Windows 10', os.arch: 'amd64', os.version: '10.0', java.version: '1.8.0_131'
Driver info: driver.version: EventFiringWebDriver
</failure>
  </testcase>
  <testcase name="ctActionLog" classname="authMng_Selenide" time="34.304"/>
  <testcase name="ctActionLog" classname="authMng_Selenide" time="50.775"/>
  <testcase name="ctMember_addMember_add" classname="authMng_Selenide" time="4.139"/>
  <testcase name="ctMember_addMember_add" classname="authMng_Selenide" time="18.399"/>
  <testcase name="ctMember_addMember_edit" classname="authMng_Selenide" time="2.784"/>
  <testcase name="ctMember_addMember_edit" classname="authMng_Selenide" time="10.027">
    <failure message="Element not found {By.name: name}&#10;Expected: visible" type="com.codeborne.selenide.ex.ElementNotFound">com.codeborne.selenide.ex.ElementNotFound: 
Element not found {By.name: name}
Expected: visible
	at authMng_Selenide.ctMember_addMember_edit(authMng_Selenide.java:235)
Caused by: org.openqa.selenium.NoSuchElementException: 
no such element: Unable to locate element: {"method":"name","selector":"name"}
  (Session info: chrome=61.0.3163.100)
  (Driver info: chromedriver=2.29.461591 (62ebf098771772160f391d75e589dc567915b233),platform=Windows NT 10.0.15063 x86_64) (WARNING: The server did not provide any stacktrace information)
Command duration or timeout: 8 milliseconds
For documentation on this error, please visit: http://seleniumhq.org/exceptions/no_such_element.html
Build info: version: '3.4.0', revision: 'unknown', time: 'unknown'
System info: host: 'APZZ0928-PC', ip: '10.10.105.228', os.name: 'Windows 10', os.arch: 'amd64', os.version: '10.0', java.version: '1.8.0_141'
Driver info: org.openqa.selenium.chrome.ChromeDriver
Capabilities [{applicationCacheEnabled=false, rotatable=false, mobileEmulationEnabled=false, networkConnectionEnabled=false, chrome={chromedriverVersion=2.29.461591 (62ebf098771772160f391d75e589dc567915b233), userDataDir=C:\Users\ADMINI~1\AppData\Local\Temp\scoped_dir20572_14660}, takesHeapSnapshot=true, pageLoadStrategy=normal, databaseEnabled=false, handlesAlerts=true, hasTouchScreen=false, version=61.0.3163.100, platform=XP, browserConnectionEnabled=false, nativeEvents=true, acceptSslCerts=true, locationContextEnabled=true, webStorageEnabled=true, browserName=chrome, takesScreenshot=true, javascriptEnabled=true, cssSelectorsEnabled=true, unexpectedAlertBehaviour=}]
Session ID: 345ff3158b0b6c9e2446285b5c510bbc
*** Element info: {Using=name, value=name}
Command duration or timeout: 0 milliseconds
	at authMng_Selenide.ctMember_addMember_edit(authMng_Selenide.java:235)
Caused by: org.openqa.selenium.remote.ScreenshotException: Screen shot has been taken
	at authMng_Selenide.ctMember_addMember_edit(authMng_Selenide.java:235)
Caused by: org.openqa.selenium.NoSuchElementException: 
no such element: Unable to locate element: {"method":"name","selector":"name"}
  (Session info: chrome=61.0.3163.100)
  (Driver info: chromedriver=2.29.461591 (62ebf098771772160f391d75e589dc567915b233),platform=Windows NT 10.0.15063 x86_64) (WARNING: The server did not provide any stacktrace information)
Command duration or timeout: 8 milliseconds
For documentation on this error, please visit: http://seleniumhq.org/exceptions/no_such_element.html
Build info: version: '3.4.0', revision: 'unknown', time: 'unknown'
System info: host: 'APZZ0928-PC', ip: '10.10.105.228', os.name: 'Windows 10', os.arch: 'amd64', os.version: '10.0', java.version: '1.8.0_141'
Driver info: org.openqa.selenium.chrome.ChromeDriver
Capabilities [{applicationCacheEnabled=false, rotatable=false, mobileEmulationEnabled=false, networkConnectionEnabled=false, chrome={chromedriverVersion=2.29.461591 (62ebf098771772160f391d75e589dc567915b233), userDataDir=C:\Users\ADMINI~1\AppData\Local\Temp\scoped_dir20572_14660}, takesHeapSnapshot=true, pageLoadStrategy=normal, databaseEnabled=false, handlesAlerts=true, hasTouchScreen=false, version=61.0.3163.100, platform=XP, browserConnectionEnabled=false, nativeEvents=true, acceptSslCerts=true, locationContextEnabled=true, webStorageEnabled=true, browserName=chrome, takesScreenshot=true, javascriptEnabled=true, cssSelectorsEnabled=true, unexpectedAlertBehaviour=}]
Session ID: 345ff3158b0b6c9e2446285b5c510bbc
*** Element info: {Using=name, value=name}
For documentation on this error, please visit: http://seleniumhq.org/exceptions/no_such_element.html
Build info: version: '3.5.3', revision: 'a88d25fe6b', time: '2017-08-29T12:42:44.417Z'
System info: host: 'APZZ0928-PC', ip: '10.10.105.228', os.name: 'Windows 10', os.arch: 'amd64', os.version: '10.0', java.version: '1.8.0_131'
Driver info: driver.version: EventFiringWebDriver
</failure>
  </testcase>
  <testcase name="ctMember_addMember_resetPW_del" classname="authMng_Selenide" time="4.165"/>
  <testcase name="ctMember_addMember_resetPW_del" classname="authMng_Selenide" time="2.245"/>
  <testcase name="Login" classname="gameAccountMng_Selenide" time="4.091"/>
  <testcase name="Login" classname="gameAccountMng_Selenide" time="7.95"/>
  <testcase name="accountSearch" classname="gameAccountMng_Selenide" time="8.177"/>
  <testcase name="accountSearch" classname="gameAccountMng_Selenide" time="42.206"/>
  <testcase name="accountBlock" classname="gameAccountMng_Selenide" time="19.627">
    <failure message="Element should be visible {li[data-key=&apos;080401&apos;]}&#10;Element: &apos;&lt;li data-key=&quot;080401&quot; value=&quot;0&quot; displayed:false&gt;&lt;/li&gt;&apos;" type="com.codeborne.selenide.ex.ElementShould"><![CDATA[com.codeborne.selenide.ex.ElementShould: 
Element should be visible {li[data-key='080401']}
Element: '<li data-key="080401" value="0" displayed:false></li>'
	at gameAccountMng_Selenide.accountBlock(gameAccountMng_Selenide.java:173)
]]></failure>
    <system-out><![CDATA[firefox account Block : Pass
firefox account UnBlock : Pass
firefox character Block : Pass
firefox character UnBlock : Pass
firefox trade Block : Pass
]]></system-out>
  </testcase>
  <testcase name="accountBlock" classname="gameAccountMng_Selenide" time="25.443"/>
  <testcase name="Login" classname="gameMng_Selenide" time="3.853"/>
  <testcase name="Login" classname="gameMng_Selenide" time="2.507"/>
  <testcase name="systemMessage" classname="gameMng_Selenide" time="17.913"/>
  <testcase name="systemMessage" classname="gameMng_Selenide" time="10.514"/>
  <testcase name="ingameNotice_add" classname="gameMng_Selenide" time="8.164"/>
  <testcase name="ingameNotice_add" classname="gameMng_Selenide" time="6.436"/>
  <testcase name="ingameNotice_statusChange" classname="gameMng_Selenide" time="10.115"/>
  <testcase name="ingameNotice_statusChange" classname="gameMng_Selenide" time="6.834"/>
  <testcase name="semdMail" classname="gameMng_Selenide" time="8.368"/>
  <testcase name="semdMail" classname="gameMng_Selenide" time="7.87"/>
  <testcase name="kickUser" classname="gameMng_Selenide" time="4.024"/>
  <testcase name="kickUser" classname="gameMng_Selenide" time="2.298"/>
  <testcase name="mailout" classname="gameMng_Selenide" time="3.761"/>
  <testcase name="mailout" classname="gameMng_Selenide" time="2.083"/>
  <testcase name="burningEvent" classname="gameMng_Selenide" time="12.611"/>
  <testcase name="burningEvent" classname="gameMng_Selenide" time="6.253"/>
  <testcase name="serverStatus" classname="gameMng_Selenide" time="22.143"/>
  <testcase name="serverStatus" classname="gameMng_Selenide" time="8.116"/>
  <testcase name="limitDrop" classname="gameMng_Selenide" time="12.563"/>
  <testcase name="limitDrop" classname="gameMng_Selenide" time="7.385"/>
  <testcase name="ingameGuide" classname="gameMng_Selenide" time="8.025">
    <failure message="Element not found {.ac_message_title}&#10;Expected: text &apos;알림&apos;" type="com.codeborne.selenide.ex.ElementNotFound">com.codeborne.selenide.ex.ElementNotFound: 
Element not found {.ac_message_title}
Expected: text '알림'
	at gameMng_Selenide.ingameGuide(gameMng_Selenide.java:285)
Caused by: org.openqa.selenium.NoSuchElementException: 
Unable to locate element: .ac_message_title
For documentation on this error, please visit: http://seleniumhq.org/exceptions/no_such_element.html
Build info: version: '3.4.0', revision: 'unknown', time: 'unknown'
System info: host: 'APZZ0928-PC', ip: '10.10.105.228', os.name: 'Windows 10', os.arch: 'amd64', os.version: '10.0', java.version: '1.8.0_141'
Driver info: org.openqa.selenium.firefox.FirefoxDriver
Capabilities [{moz:profile=C:\Users\ADMINI~1\AppData\Local\Temp\rust_mozprofile.uNQRbJ9CQrC1, rotatable=false, timeouts={implicit=0.0, pageLoad=300000.0, script=30000.0}, pageLoadStrategy=normal, platform=ANY, specificationLevel=0.0, moz:accessibilityChecks=false, acceptInsecureCerts=true, browserVersion=55.0.3, platformVersion=10.0, moz:processID=37556.0, browserName=firefox, javascriptEnabled=true, platformName=windows_nt}]
Session ID: 6dfa2c82-f6da-4ef5-9599-6caf60128fbf
*** Element info: {Using=css selector, value=.ac_message_title}
Command duration or timeout: 0 milliseconds
	at gameMng_Selenide.ingameGuide(gameMng_Selenide.java:285)
Caused by: org.openqa.selenium.remote.ScreenshotException: Screen shot has been taken
	at gameMng_Selenide.ingameGuide(gameMng_Selenide.java:285)
Caused by: org.openqa.selenium.NoSuchElementException: 
Unable to locate element: .ac_message_title
For documentation on this error, please visit: http://seleniumhq.org/exceptions/no_such_element.html
Build info: version: '3.4.0', revision: 'unknown', time: 'unknown'
System info: host: 'APZZ0928-PC', ip: '10.10.105.228', os.name: 'Windows 10', os.arch: 'amd64', os.version: '10.0', java.version: '1.8.0_141'
Driver info: org.openqa.selenium.firefox.FirefoxDriver
Capabilities [{moz:profile=C:\Users\ADMINI~1\AppData\Local\Temp\rust_mozprofile.uNQRbJ9CQrC1, rotatable=false, timeouts={implicit=0.0, pageLoad=300000.0, script=30000.0}, pageLoadStrategy=normal, platform=ANY, specificationLevel=0.0, moz:accessibilityChecks=false, acceptInsecureCerts=true, browserVersion=55.0.3, platformVersion=10.0, moz:processID=37556.0, browserName=firefox, javascriptEnabled=true, platformName=windows_nt}]
Session ID: 6dfa2c82-f6da-4ef5-9599-6caf60128fbf
*** Element info: {Using=css selector, value=.ac_message_title}
For documentation on this error, please visit: http://seleniumhq.org/exceptions/no_such_element.html
Build info: version: '3.5.3', revision: 'a88d25fe6b', time: '2017-08-29T12:42:44.417Z'
System info: host: 'APZZ0928-PC', ip: '10.10.105.228', os.name: 'Windows 10', os.arch: 'amd64', os.version: '10.0', java.version: '1.8.0_131'
Driver info: driver.version: EventFiringWebDriver
</failure>
  </testcase>
  <testcase name="ingameGuide" classname="gameMng_Selenide" time="8.634"/>
  <testcase name="onlineUser" classname="gameMng_Selenide" time="2.304"/>
  <testcase name="onlineUser" classname="gameMng_Selenide" time="10.65"/>
  <testcase name="slangWord" classname="gameMng_Selenide" time="23.405"/>
  <testcase name="slangWord" classname="gameMng_Selenide" time="124.87"/>
  <testcase name="pvpSchedule" classname="gameMng_Selenide" time="13.282"/>
  <testcase name="pvpSchedule" classname="gameMng_Selenide" time="32.375"/>
</testsuite>